Log file open, 05/13/25 20:58:50
LogWindows: Failed to load 'aqProf.dll' (GetLastError=126)
LogWindows: File 'aqProf.dll' does not exist
LogWindows: Failed to load 'VtuneApi.dll' (GetLastError=126)
LogWindows: File 'VtuneApi.dll' does not exist
LogWindows: Failed to load 'VtuneApi32e.dll' (GetLastError=126)
LogWindows: File 'VtuneApi32e.dll' does not exist
LogConsoleResponse: Display: Failed to find resolution value strings in scalability ini. Falling back to default.
LogConsoleResponse: Display: Failed to find resolution value strings in scalability ini. Falling back to default.
LogInit: Display: Running engine for game: TopuDownuShuteru
LogPlatformFile: Not using cached read wrapper
LogTaskGraph: Started task graph with 5 named threads and 35 total threads with 3 sets of task threads.
LogStats: Stats thread started at 0.199742
LogICUInternationalization: ICU TimeZone Detection - Raw Offset: +1:00, Platform Override: ''
LogInit: Display: Loading text-based GConfig....
LogPluginManager: Mounting plugin MeshPainting
LogPluginManager: Mounting plugin XGEController
LogPluginManager: Mounting plugin Paper2D
LogPluginManager: Mounting plugin AISupport
LogPluginManager: Mounting plugin EnvironmentQueryEditor
LogPluginManager: Mounting plugin LiveLink
LogPluginManager: Mounting plugin CameraShakePreviewer
LogPluginManager: Mounting plugin GameplayCameras
LogPluginManager: Mounting plugin LightPropagationVolume
LogPluginManager: Mounting plugin AnimationSharing
LogPluginManager: Mounting plugin CodeLiteSourceCodeAccess
LogPluginManager: Mounting plugin GitSourceControl
LogPluginManager: Mounting plugin KDevelopSourceCodeAccess
LogPluginManager: Mounting plugin CLionSourceCodeAccess
LogPluginManager: Mounting plugin NullSourceCodeAccess
LogPluginManager: Mounting plugin PerforceSourceControl
LogPluginManager: Mounting plugin PixWinPlugin
LogPluginManager: Mounting plugin PropertyAccessNode
LogPluginManager: Mounting plugin PlasticSourceControl
LogPluginManager: Mounting plugin PluginUtils
LogPluginManager: Mounting plugin RiderSourceCodeAccess
LogPluginManager: Mounting plugin SubversionSourceControl
LogPluginManager: Mounting plugin TextureFormatOodle
LogPluginManager: Mounting plugin UObjectPlugin
LogPluginManager: Mounting plugin VisualStudioSourceCodeAccess
LogPluginManager: Mounting plugin VisualStudioCodeSourceCodeAccess
LogPluginManager: Mounting plugin XCodeSourceCodeAccess
LogPluginManager: Mounting plugin DatasmithContent
LogPluginManager: Mounting plugin OodleData
LogPluginManager: Mounting plugin OodleNetwork
LogPluginManager: Mounting plugin AutomationUtils
LogPluginManager: Mounting plugin AlembicImporter
LogPluginManager: Mounting plugin BackChannel
LogPluginManager: Mounting plugin ChaosCloth
LogPluginManager: Mounting plugin VariantManagerContent
LogPluginManager: Mounting plugin ChaosClothEditor
LogPluginManager: Mounting plugin ChaosEditor
LogPluginManager: Mounting plugin ChaosSolverPlugin
LogPluginManager: Mounting plugin ChaosNiagara
LogPluginManager: Mounting plugin CharacterAI
LogPluginManager: Mounting plugin GeometryCollectionPlugin
LogPluginManager: Mounting plugin GeometryProcessing
LogPluginManager: Mounting plugin GeometryCache
LogPluginManager: Mounting plugin OpenImageDenoise
LogPluginManager: Mounting plugin MotoSynth
LogPluginManager: Mounting plugin PlatformCrypto
LogPluginManager: Mounting plugin PythonScriptPlugin
LogPluginManager: Mounting plugin PlanarCut
LogPluginManager: Mounting plugin ProxyLODPlugin
LogPluginManager: Mounting plugin SkeletalReduction
LogPluginManager: Mounting plugin AssetManagerEditor
LogPluginManager: Mounting plugin CurveEditorTools
LogPluginManager: Mounting plugin DataValidation
LogPluginManager: Mounting plugin CryptoKeys
LogPluginManager: Mounting plugin GameplayTagsEditor
LogPluginManager: Mounting plugin FacialAnimation
LogPluginManager: Mounting plugin MacGraphicsSwitching
LogPluginManager: Mounting plugin GeometryMode
LogPluginManager: Mounting plugin MaterialAnalyzer
LogPluginManager: Mounting plugin MobileLauncherProfileWizard
LogPluginManager: Mounting plugin SpeedTreeImporter
LogPluginManager: Mounting plugin PluginBrowser
LogPluginManager: Mounting plugin Niagara
LogPluginManager: Mounting plugin LuminPlatformFeatures
LogPluginManager: Mounting plugin MagicLeap
LogPluginManager: Mounting plugin MagicLeapLightEstimation
LogPluginManager: Mounting plugin MagicLeapMedia
LogPluginManager: Mounting plugin MagicLeapPassableWorld
LogPluginManager: Mounting plugin MLSDK
LogPluginManager: Mounting plugin TcpMessaging
LogPluginManager: Mounting plugin UdpMessaging
LogPluginManager: Mounting plugin ActorSequence
LogPluginManager: Mounting plugin MatineeToLevelSequence
LogPluginManager: Mounting plugin LevelSequenceEditor
LogPluginManager: Mounting plugin TemplateSequence
LogPluginManager: Mounting plugin AndroidMedia
LogPluginManager: Mounting plugin AvfMedia
LogPluginManager: Mounting plugin ImgMedia
LogPluginManager: Mounting plugin WmfMedia
LogPluginManager: Mounting plugin MediaPlayerEditor
LogPluginManager: Mounting plugin MediaCompositing
LogPluginManager: Mounting plugin WebMMedia
LogPluginManager: Mounting plugin OnlineSubsystem
LogPluginManager: Mounting plugin OnlineSubsystemNull
LogPluginManager: Mounting plugin OnlineSubsystemUtils
LogPluginManager: Mounting plugin ActorLayerUtilities
LogPluginManager: Mounting plugin AndroidPermission
LogPluginManager: Mounting plugin AndroidDeviceProfileSelector
LogPluginManager: Mounting plugin AndroidMoviePlayer
LogPluginManager: Mounting plugin AppleImageUtils
LogPluginManager: Mounting plugin AppleMoviePlayer
LogPluginManager: Mounting plugin ArchVisCharacter
LogPluginManager: Mounting plugin AssetTags
LogPluginManager: Mounting plugin AudioCapture
LogPluginManager: Mounting plugin CableComponent
LogPluginManager: Mounting plugin ChunkDownloader
LogPluginManager: Mounting plugin EditableMesh
LogPluginManager: Mounting plugin AudioSynesthesia
LogPluginManager: Mounting plugin ExampleDeviceProfileSelector
LogPluginManager: Mounting plugin GoogleCloudMessaging
LogPluginManager: Mounting plugin CustomMeshComponent
LogPluginManager: Mounting plugin LauncherChunkInstaller
LogPluginManager: Mounting plugin GooglePAD
LogPluginManager: Mounting plugin ScreenshotTools
LogPluginManager: Mounting plugin IOSDeviceProfileSelector
LogPluginManager: Mounting plugin LinuxDeviceProfileSelector
LogPluginManager: Mounting plugin LocationServicesBPLibrary
LogPluginManager: Mounting plugin Takes
LogPluginManager: Mounting plugin MobilePatchingUtils
LogPluginManager: Mounting plugin OpenXR
LogPluginManager: Mounting plugin OpenXRHandTracking
LogPluginManager: Mounting plugin OpenXREyeTracker
LogPluginManager: Mounting plugin PhysXVehicles
LogPluginManager: Mounting plugin PostSplashScreen
LogPluginManager: Mounting plugin PropertyAccessEditor
LogPluginManager: Mounting plugin ProceduralMeshComponent
LogPluginManager: Mounting plugin SignificanceManager
LogPluginManager: Mounting plugin RuntimePhysXCooking
LogPluginManager: Mounting plugin Synthesis
LogPluginManager: Mounting plugin WebMMoviePlayer
LogPluginManager: Mounting plugin WindowsMoviePlayer
LogPluginManager: Mounting plugin SoundFields
LogPluginManager: Mounting plugin ContentBrowserAssetDataSource
LogPluginManager: Mounting plugin ContentBrowserFileDataSource
LogPluginManager: Mounting plugin ContentBrowserClassDataSource
LogPluginManager: Mounting plugin OnlineSubsystemGooglePlay
LogPluginManager: Mounting plugin OnlineSubsystemIOS
LogPluginManager: Mounting plugin OculusVR
LogPluginManager: Mounting plugin SteamVR
PixWinPlugin: PIX capture plugin failed to initialize! Check that the process is launched from PIX.
LogLuminAPIImpl: Warning: MLSDK not found.  This likely means the MLSDK environment variable is not set.
LogInit: Using libcurl 7.55.1-DEV
LogInit:  - built for x86_64-pc-win32
LogInit:  - supports SSL with OpenSSL/1.1.1
LogInit:  - supports HTTP deflate (compression) using libz 1.2.8
LogInit:  - other features:
LogInit:      CURL_VERSION_SSL
LogInit:      CURL_VERSION_LIBZ
LogInit:      CURL_VERSION_IPV6
LogInit:      CURL_VERSION_ASYNCHDNS
LogInit:      CURL_VERSION_LARGEFILE
LogInit:      CURL_VERSION_IDN
LogInit:  CurlRequestOptions (configurable via config and command line):
LogInit:  - bVerifyPeer = true  - Libcurl will verify peer certificate
LogInit:  - bUseHttpProxy = false  - Libcurl will NOT use HTTP proxy
LogInit:  - bDontReuseConnections = false  - Libcurl will reuse connections
LogInit:  - MaxHostConnections = 16  - Libcurl will limit the number of connections to a host
LogInit:  - LocalHostAddr = Default
LogInit:  - BufferSize = 65536
LogOnline: OSS: Creating online subsystem instance for: NULL
LogInit: WinSock: version 1.1 (2.2), MaxSocks=32767, MaxUdp=65467
LogOnline: OSS: TryLoadSubsystemAndSetDefault: Loaded subsystem for module [NULL]
LogOculusPluginWrapper: OculusPlugin initialized successfully
LogHMD: Failed initializing OVRPlugin 1.59.0
LogInit: Build: ++UE4+Release-4.27-CL-18319896
LogInit: Engine Version: 4.27.2-18319896+++UE4+Release-4.27
LogInit: Compatible Engine Version: 4.27.0-17155196+++UE4+Release-4.27
LogInit: Net CL: 17155196
LogInit: OS: Windows 10 (Release 2009) (), CPU: 12th Gen Intel(R) Core(TM) i5-1245U, GPU: Intel(R) Iris(R) Xe Graphics
LogInit: Compiled (64-bit): Nov 30 2021 07:12:08
LogInit: Compiled with Visual C++: 19.24.28315.00
LogInit: Build Configuration: Development
LogInit: Branch Name: ++UE4+Release-4.27
LogInit: Command Line: 
LogInit: Base Directory: C:/Program Files/Epic Games/UE_4.27/Engine/Binaries/Win64/
LogInit: Allocator: TBB
LogInit: Installed Engine Build: 1
LogDevObjectVersion: Number of dev versions registered: 29
LogDevObjectVersion:   Dev-Blueprints (B0D832E4-1F89-4F0D-ACCF-7EB736FD4AA2): 10
LogDevObjectVersion:   Dev-Build (E1C64328-A22C-4D53-A36C-8E866417BD8C): 0
LogDevObjectVersion:   Dev-Core (375EC13C-06E4-48FB-B500-84F0262A717E): 4
LogDevObjectVersion:   Dev-Editor (E4B068ED-F494-42E9-A231-DA0B2E46BB41): 40
LogDevObjectVersion:   Dev-Framework (CFFC743F-43B0-4480-9391-14DF171D2073): 37
LogDevObjectVersion:   Dev-Mobile (B02B49B5-BB20-44E9-A304-32B752E40360): 3
LogDevObjectVersion:   Dev-Networking (A4E4105C-59A1-49B5-A7C5-40C4547EDFEE): 0
LogDevObjectVersion:   Dev-Online (39C831C9-5AE6-47DC-9A44-9C173E1C8E7C): 0
LogDevObjectVersion:   Dev-Physics (78F01B33-EBEA-4F98-B9B4-84EACCB95AA2): 14
LogDevObjectVersion:   Dev-Platform (6631380F-2D4D-43E0-8009-CF276956A95A): 0
LogDevObjectVersion:   Dev-Rendering (12F88B9F-8875-4AFC-A67C-D90C383ABD29): 45
LogDevObjectVersion:   Dev-Sequencer (7B5AE74C-D270-4C10-A958-57980B212A5A): 13
LogDevObjectVersion:   Dev-VR (D7296918-1DD6-4BDD-9DE2-64A83CC13884): 3
LogDevObjectVersion:   Dev-LoadTimes (C2A15278-BFE7-4AFE-6C17-90FF531DF755): 1
LogDevObjectVersion:   Private-Geometry (6EACA3D4-40EC-4CC1-B786-8BED09428FC5): 3
LogDevObjectVersion:   Dev-AnimPhys (29E575DD-E0A3-4627-9D10-D276232CDCEA): 17
LogDevObjectVersion:   Dev-Anim (AF43A65D-7FD3-4947-9873-3E8ED9C1BB05): 15
LogDevObjectVersion:   Dev-ReflectionCapture (6B266CEC-1EC7-4B8F-A30B-E4D90942FC07): 1
LogDevObjectVersion:   Dev-Automation (0DF73D61-A23F-47EA-B727-89E90C41499A): 1
LogDevObjectVersion:   FortniteMain (601D1886-AC64-4F84-AA16-D3DE0DEAC7D6): 47
LogDevObjectVersion:   FortniteRelease (E7086368-6B23-4C58-8439-1B7016265E91): 1
LogDevObjectVersion:   Dev-Enterprise (9DFFBCD6-494F-0158-E221-12823C92A888): 10
LogDevObjectVersion:   Dev-Niagara (F2AED0AC-9AFE-416F-8664-AA7FFA26D6FC): 1
LogDevObjectVersion:   Dev-Destruction (174F1F0B-B4C6-45A5-B13F-2EE8D0FB917D): 10
LogDevObjectVersion:   Dev-Physics-Ext (35F94A83-E258-406C-A318-09F59610247C): 41
LogDevObjectVersion:   Dev-PhysicsMaterial-Chaos (B68FC16E-8B1B-42E2-B453-215C058844FE): 1
LogDevObjectVersion:   Dev-CineCamera (B2E18506-4273-CFC2-A54E-F4BB758BBA07): 1
LogDevObjectVersion:   Dev-VirtualProduction (64F58936-FD1B-42BA-BA96-7289D5D0FA4E): 1
LogDevObjectVersion:   Dev-MediaFramework (6F0ED827-A609-4895-9C91-998D90180EA4): 2
LogInit: Presizing for max 25165824 objects, including 0 objects not considered by GC, pre-allocating 0 bytes for permanent pool.
LogConfig: Applying CVar settings from Section [/Script/Engine.StreamingSettings] File [C:/Rzeczy/TopuDownuShuteru/Saved/Config/Windows/Engine.ini]
LogConfig: Setting CVar [[s.MinBulkDataSizeForAsyncLoading:131072]]
LogConfig: Setting CVar [[s.AsyncLoadingThreadEnabled:0]]
LogConfig: Setting CVar [[s.EventDrivenLoaderEnabled:1]]
LogConfig: Setting CVar [[s.WarnIfTimeLimitExceeded:0]]
LogConfig: Setting CVar [[s.TimeLimitExceededMultiplier:1.5]]
LogConfig: Setting CVar [[s.TimeLimitExceededMinTime:0.005]]
LogConfig: Setting CVar [[s.UseBackgroundLevelStreaming:1]]
LogConfig: Setting CVar [[s.PriorityAsyncLoadingExtraTime:15.0]]
LogConfig: Setting CVar [[s.LevelStreamingActorsUpdateTimeLimit:5.0]]
LogConfig: Setting CVar [[s.PriorityLevelStreamingActorsUpdateExtraTime:5.0]]
LogConfig: Setting CVar [[s.LevelStreamingComponentsRegistrationGranularity:10]]
LogConfig: Setting CVar [[s.UnregisterComponentsTimeLimit:1.0]]
LogConfig: Setting CVar [[s.LevelStreamingComponentsUnregistrationGranularity:5]]
LogConfig: Setting CVar [[s.FlushStreamingOnExit:1]]
LogInit: Object subsystem initialized
LogConfig: Setting CVar [[con.DebugEarlyDefault:1]]
LogConfig: Setting CVar [[r.setres:1280x720]]
[2025.05.13-18.58.50:656][  0]LogConfig: Setting CVar [[r.VSync:0]]
[2025.05.13-18.58.50:656][  0]LogConfig: Setting CVar [[r.RHICmdBypass:0]]
[2025.05.13-18.58.50:656][  0]LogConfig: Applying CVar settings from Section [/Script/Engine.RendererSettings] File [C:/Rzeczy/TopuDownuShuteru/Saved/Config/Windows/Engine.ini]
[2025.05.13-18.58.50:656][  0]LogConfig: Setting CVar [[r.GPUCrashDebugging:0]]
[2025.05.13-18.58.50:656][  0]LogConfig: Applying CVar settings from Section [/Script/Engine.RendererOverrideSettings] File [C:/Rzeczy/TopuDownuShuteru/Saved/Config/Windows/Engine.ini]
[2025.05.13-18.58.50:656][  0]LogConfig: Applying CVar settings from Section [/Script/Engine.StreamingSettings] File [C:/Rzeczy/TopuDownuShuteru/Saved/Config/Windows/Engine.ini]
[2025.05.13-18.58.50:656][  0]LogConfig: Setting CVar [[s.MinBulkDataSizeForAsyncLoading:131072]]
[2025.05.13-18.58.50:656][  0]LogConfig: Setting CVar [[s.AsyncLoadingThreadEnabled:0]]
[2025.05.13-18.58.50:657][  0]LogConfig: Setting CVar [[s.EventDrivenLoaderEnabled:1]]
[2025.05.13-18.58.50:657][  0]LogConfig: Setting CVar [[s.WarnIfTimeLimitExceeded:0]]
[2025.05.13-18.58.50:657][  0]LogConfig: Setting CVar [[s.TimeLimitExceededMultiplier:1.5]]
[2025.05.13-18.58.50:657][  0]LogConfig: Setting CVar [[s.TimeLimitExceededMinTime:0.005]]
[2025.05.13-18.58.50:657][  0]LogConfig: Setting CVar [[s.UseBackgroundLevelStreaming:1]]
[2025.05.13-18.58.50:657][  0]LogConfig: Setting CVar [[s.PriorityAsyncLoadingExtraTime:15.0]]
[2025.05.13-18.58.50:657][  0]LogConfig: Setting CVar [[s.LevelStreamingActorsUpdateTimeLimit:5.0]]
[2025.05.13-18.58.50:657][  0]LogConfig: Setting CVar [[s.PriorityLevelStreamingActorsUpdateExtraTime:5.0]]
[2025.05.13-18.58.50:657][  0]LogConfig: Setting CVar [[s.LevelStreamingComponentsRegistrationGranularity:10]]
[2025.05.13-18.58.50:657][  0]LogConfig: Setting CVar [[s.UnregisterComponentsTimeLimit:1.0]]
[2025.05.13-18.58.50:657][  0]LogConfig: Setting CVar [[s.LevelStreamingComponentsUnregistrationGranularity:5]]
[2025.05.13-18.58.50:657][  0]LogConfig: Setting CVar [[s.FlushStreamingOnExit:1]]
[2025.05.13-18.58.50:657][  0]LogConfig: Applying CVar settings from Section [/Script/Engine.GarbageCollectionSettings] File [C:/Rzeczy/TopuDownuShuteru/Saved/Config/Windows/Engine.ini]
[2025.05.13-18.58.50:657][  0]LogConfig: Setting CVar [[gc.MaxObjectsNotConsideredByGC:1]]
[2025.05.13-18.58.50:657][  0]LogConfig: Setting CVar [[gc.SizeOfPermanentObjectPool:0]]
[2025.05.13-18.58.50:657][  0]LogConfig: Setting CVar [[gc.FlushStreamingOnGC:0]]
[2025.05.13-18.58.50:657][  0]LogConfig: Setting CVar [[gc.NumRetriesBeforeForcingGC:10]]
[2025.05.13-18.58.50:657][  0]LogConfig: Setting CVar [[gc.AllowParallelGC:1]]
[2025.05.13-18.58.50:657][  0]LogConfig: Setting CVar [[gc.TimeBetweenPurgingPendingKillObjects:61.1]]
[2025.05.13-18.58.50:657][  0]LogConfig: Setting CVar [[gc.MaxObjectsInEditor:25165824]]
[2025.05.13-18.58.50:657][  0]LogConfig: Setting CVar [[gc.IncrementalBeginDestroyEnabled:1]]
[2025.05.13-18.58.50:657][  0]LogConfig: Setting CVar [[gc.CreateGCClusters:1]]
[2025.05.13-18.58.50:657][  0]LogConfig: Setting CVar [[gc.MinGCClusterSize:5]]
[2025.05.13-18.58.50:657][  0]LogConfig: Setting CVar [[gc.ActorClusteringEnabled:0]]
[2025.05.13-18.58.50:657][  0]LogConfig: Setting CVar [[gc.BlueprintClusteringEnabled:0]]
[2025.05.13-18.58.50:657][  0]LogConfig: Setting CVar [[gc.UseDisregardForGCOnDedicatedServers:0]]
[2025.05.13-18.58.50:657][  0]LogConfig: Setting CVar [[gc.MultithreadedDestructionEnabled:1]]
[2025.05.13-18.58.50:657][  0]LogConfig: Applying CVar settings from Section [/Script/Engine.NetworkSettings] File [C:/Rzeczy/TopuDownuShuteru/Saved/Config/Windows/Engine.ini]
[2025.05.13-18.58.50:657][  0]LogConfig: Applying CVar settings from Section [/Script/UnrealEd.CookerSettings] File [C:/Rzeczy/TopuDownuShuteru/Saved/Config/Windows/Engine.ini]
[2025.05.13-18.58.50:660][  0]LogConfig: Applying CVar settings from Section [ViewDistanceQuality@3] File [C:/Rzeczy/TopuDownuShuteru/Saved/Config/Windows/Scalability.ini]
[2025.05.13-18.58.50:660][  0]LogConfig: Setting CVar [[r.SkeletalMeshLODBias:0]]
[2025.05.13-18.58.50:660][  0]LogConfig: Setting CVar [[r.ViewDistanceScale:1.0]]
[2025.05.13-18.58.50:660][  0]LogConfig: Applying CVar settings from Section [AntiAliasingQuality@3] File [C:/Rzeczy/TopuDownuShuteru/Saved/Config/Windows/Scalability.ini]
[2025.05.13-18.58.50:660][  0]LogConfig: Setting CVar [[r.PostProcessAAQuality:4]]
[2025.05.13-18.58.50:660][  0]LogConfig: Applying CVar settings from Section [ShadowQuality@3] File [C:/Rzeczy/TopuDownuShuteru/Saved/Config/Windows/Scalability.ini]
[2025.05.13-18.58.50:660][  0]LogConfig: Setting CVar [[r.LightFunctionQuality:1]]
[2025.05.13-18.58.50:660][  0]LogConfig: Setting CVar [[r.ShadowQuality:5]]
[2025.05.13-18.58.50:660][  0]LogConfig: Setting CVar [[r.Shadow.CSM.MaxCascades:10]]
[2025.05.13-18.58.50:660][  0]LogConfig: Setting CVar [[r.Shadow.MaxResolution:2048]]
[2025.05.13-18.58.50:660][  0]LogConfig: Setting CVar [[r.Shadow.MaxCSMResolution:2048]]
[2025.05.13-18.58.50:660][  0]LogConfig: Setting CVar [[r.Shadow.RadiusThreshold:0.01]]
[2025.05.13-18.58.50:660][  0]LogConfig: Setting CVar [[r.Shadow.DistanceScale:1.0]]
[2025.05.13-18.58.50:660][  0]LogConfig: Setting CVar [[r.Shadow.CSM.TransitionScale:1.0]]
[2025.05.13-18.58.50:660][  0]LogConfig: Setting CVar [[r.Shadow.PreShadowResolutionFactor:1.0]]
[2025.05.13-18.58.50:660][  0]LogConfig: Setting CVar [[r.DistanceFieldShadowing:1]]
[2025.05.13-18.58.50:660][  0]LogConfig: Setting CVar [[r.DistanceFieldAO:1]]
[2025.05.13-18.58.50:660][  0]LogConfig: Setting CVar [[r.AOQuality:2]]
[2025.05.13-18.58.50:660][  0]LogConfig: Setting CVar [[r.VolumetricFog:1]]
[2025.05.13-18.58.50:660][  0]LogConfig: Setting CVar [[r.VolumetricFog.GridPixelSize:8]]
[2025.05.13-18.58.50:660][  0]LogConfig: Setting CVar [[r.VolumetricFog.GridSizeZ:128]]
[2025.05.13-18.58.50:660][  0]LogConfig: Setting CVar [[r.VolumetricFog.HistoryMissSupersampleCount:4]]
[2025.05.13-18.58.50:660][  0]LogConfig: Setting CVar [[r.LightMaxDrawDistanceScale:1]]
[2025.05.13-18.58.50:660][  0]LogConfig: Setting CVar [[r.CapsuleShadows:1]]
[2025.05.13-18.58.50:660][  0]LogConfig: Applying CVar settings from Section [PostProcessQuality@3] File [C:/Rzeczy/TopuDownuShuteru/Saved/Config/Windows/Scalability.ini]
[2025.05.13-18.58.50:660][  0]LogConfig: Setting CVar [[r.MotionBlurQuality:4]]
[2025.05.13-18.58.50:660][  0]LogConfig: Setting CVar [[r.AmbientOcclusionMipLevelFactor:0.4]]
[2025.05.13-18.58.50:660][  0]LogConfig: Setting CVar [[r.AmbientOcclusionMaxQuality:100]]
[2025.05.13-18.58.50:660][  0]LogConfig: Setting CVar [[r.AmbientOcclusionLevels:-1]]
[2025.05.13-18.58.50:660][  0]LogConfig: Setting CVar [[r.AmbientOcclusionRadiusScale:1.0]]
[2025.05.13-18.58.50:660][  0]LogConfig: Setting CVar [[r.DepthOfFieldQuality:2]]
[2025.05.13-18.58.50:660][  0]LogConfig: Setting CVar [[r.RenderTargetPoolMin:400]]
[2025.05.13-18.58.50:660][  0]LogConfig: Setting CVar [[r.LensFlareQuality:2]]
[2025.05.13-18.58.50:660][  0]LogConfig: Setting CVar [[r.SceneColorFringeQuality:1]]
[2025.05.13-18.58.50:660][  0]LogConfig: Setting CVar [[r.EyeAdaptationQuality:2]]
[2025.05.13-18.58.50:660][  0]LogConfig: Setting CVar [[r.BloomQuality:5]]
[2025.05.13-18.58.50:660][  0]LogConfig: Setting CVar [[r.FastBlurThreshold:100]]
[2025.05.13-18.58.50:660][  0]LogConfig: Setting CVar [[r.Upscale.Quality:3]]
[2025.05.13-18.58.50:660][  0]LogConfig: Setting CVar [[r.Tonemapper.GrainQuantization:1]]
[2025.05.13-18.58.50:660][  0]LogConfig: Setting CVar [[r.LightShaftQuality:1]]
[2025.05.13-18.58.50:660][  0]LogConfig: Setting CVar [[r.Filter.SizeScale:1]]
[2025.05.13-18.58.50:660][  0]LogConfig: Setting CVar [[r.Tonemapper.Quality:5]]
[2025.05.13-18.58.50:661][  0]LogConfig: Setting CVar [[r.DOF.Gather.AccumulatorQuality:1        ; higher gathering accumulator quality]]
[2025.05.13-18.58.50:661][  0]LogConfig: Setting CVar [[r.DOF.Gather.PostfilterMethod:1          ; Median3x3 postfilering method]]
[2025.05.13-18.58.50:661][  0]LogConfig: Setting CVar [[r.DOF.Gather.EnableBokehSettings:0       ; no bokeh simulation when gathering]]
[2025.05.13-18.58.50:661][  0]LogConfig: Setting CVar [[r.DOF.Gather.RingCount:4                 ; medium number of samples when gathering]]
[2025.05.13-18.58.50:661][  0]LogConfig: Setting CVar [[r.DOF.Scatter.ForegroundCompositing:1    ; additive foreground scattering]]
[2025.05.13-18.58.50:661][  0]LogConfig: Setting CVar [[r.DOF.Scatter.BackgroundCompositing:2    ; additive background scattering]]
[2025.05.13-18.58.50:661][  0]LogConfig: Setting CVar [[r.DOF.Scatter.EnableBokehSettings:1      ; bokeh simulation when scattering]]
[2025.05.13-18.58.50:661][  0]LogConfig: Setting CVar [[r.DOF.Scatter.MaxSpriteRatio:0.1         ; only a maximum of 10% of scattered bokeh]]
[2025.05.13-18.58.50:661][  0]LogConfig: Setting CVar [[r.DOF.Recombine.Quality:1                ; cheap slight out of focus]]
[2025.05.13-18.58.50:661][  0]LogConfig: Setting CVar [[r.DOF.Recombine.EnableBokehSettings:0    ; no bokeh simulation on slight out of focus]]
[2025.05.13-18.58.50:661][  0]LogConfig: Setting CVar [[r.DOF.TemporalAAQuality:1                ; more stable temporal accumulation]]
[2025.05.13-18.58.50:661][  0]LogConfig: Setting CVar [[r.DOF.Kernel.MaxForegroundRadius:0.025]]
[2025.05.13-18.58.50:661][  0]LogConfig: Setting CVar [[r.DOF.Kernel.MaxBackgroundRadius:0.025]]
[2025.05.13-18.58.50:661][  0]LogConfig: Applying CVar settings from Section [TextureQuality@3] File [C:/Rzeczy/TopuDownuShuteru/Saved/Config/Windows/Scalability.ini]
[2025.05.13-18.58.50:661][  0]LogConfig: Setting CVar [[r.Streaming.MipBias:0]]
[2025.05.13-18.58.50:661][  0]LogConfig: Setting CVar [[r.Streaming.AmortizeCPUToGPUCopy:0]]
[2025.05.13-18.58.50:661][  0]LogConfig: Setting CVar [[r.Streaming.MaxNumTexturesToStreamPerFrame:0]]
[2025.05.13-18.58.50:661][  0]LogConfig: Setting CVar [[r.Streaming.Boost:1]]
[2025.05.13-18.58.50:661][  0]LogConfig: Setting CVar [[r.MaxAnisotropy:8]]
[2025.05.13-18.58.50:661][  0]LogConfig: Setting CVar [[r.VT.MaxAnisotropy:8]]
[2025.05.13-18.58.50:661][  0]LogConfig: Setting CVar [[r.Streaming.LimitPoolSizeToVRAM:0]]
[2025.05.13-18.58.50:661][  0]LogConfig: Setting CVar [[r.Streaming.PoolSize:1000]]
[2025.05.13-18.58.50:661][  0]LogConfig: Setting CVar [[r.Streaming.MaxEffectiveScreenSize:0]]
[2025.05.13-18.58.50:661][  0]LogConfig: Applying CVar settings from Section [EffectsQuality@3] File [C:/Rzeczy/TopuDownuShuteru/Saved/Config/Windows/Scalability.ini]
[2025.05.13-18.58.50:661][  0]LogConfig: Setting CVar [[r.TranslucencyLightingVolumeDim:64]]
[2025.05.13-18.58.50:661][  0]LogConfig: Setting CVar [[r.RefractionQuality:2]]
[2025.05.13-18.58.50:661][  0]LogConfig: Setting CVar [[r.SSR.Quality:3]]
[2025.05.13-18.58.50:661][  0]LogConfig: Setting CVar [[r.SSR.HalfResSceneColor:0]]
[2025.05.13-18.58.50:661][  0]LogConfig: Setting CVar [[r.SceneColorFormat:4]]
[2025.05.13-18.58.50:661][  0]LogConfig: Setting CVar [[r.DetailMode:2]]
[2025.05.13-18.58.50:661][  0]LogConfig: Setting CVar [[r.TranslucencyVolumeBlur:1]]
[2025.05.13-18.58.50:661][  0]LogConfig: Setting CVar [[r.MaterialQualityLevel:1 ; High quality]]
[2025.05.13-18.58.50:661][  0]LogConfig: Setting CVar [[r.AnisotropicMaterials:1]]
[2025.05.13-18.58.50:661][  0]LogConfig: Setting CVar [[r.SSS.Scale:1]]
[2025.05.13-18.58.50:661][  0]LogConfig: Setting CVar [[r.SSS.SampleSet:2]]
[2025.05.13-18.58.50:661][  0]LogConfig: Setting CVar [[r.SSS.Quality:1]]
[2025.05.13-18.58.50:661][  0]LogConfig: Setting CVar [[r.SSS.HalfRes:0]]
[2025.05.13-18.58.50:661][  0]LogConfig: Setting CVar [[r.SSGI.Quality:3]]
[2025.05.13-18.58.50:661][  0]LogConfig: Setting CVar [[r.EmitterSpawnRateScale:1.0]]
[2025.05.13-18.58.50:661][  0]LogConfig: Setting CVar [[r.ParticleLightQuality:2]]
[2025.05.13-18.58.50:661][  0]LogConfig: Setting CVar [[r.SkyAtmosphere.AerialPerspectiveLUT.FastApplyOnOpaque:1 ; Always have FastSkyLUT 1 in this case to avoid wrong sky]]
[2025.05.13-18.58.50:661][  0]LogConfig: Setting CVar [[r.SkyAtmosphere.AerialPerspectiveLUT.SampleCountMaxPerSlice:4]]
[2025.05.13-18.58.50:661][  0]LogConfig: Setting CVar [[r.SkyAtmosphere.AerialPerspectiveLUT.DepthResolution:16.0]]
[2025.05.13-18.58.50:661][  0]LogConfig: Setting CVar [[r.SkyAtmosphere.FastSkyLUT:1]]
[2025.05.13-18.58.50:661][  0]LogConfig: Setting CVar [[r.SkyAtmosphere.FastSkyLUT.SampleCountMin:4.0]]
[2025.05.13-18.58.50:661][  0]LogConfig: Setting CVar [[r.SkyAtmosphere.FastSkyLUT.SampleCountMax:128.0]]
[2025.05.13-18.58.50:661][  0]LogConfig: Setting CVar [[r.SkyAtmosphere.SampleCountMin:4.0]]
[2025.05.13-18.58.50:661][  0]LogConfig: Setting CVar [[r.SkyAtmosphere.SampleCountMax:128.0]]
[2025.05.13-18.58.50:661][  0]LogConfig: Setting CVar [[r.SkyAtmosphere.TransmittanceLUT.UseSmallFormat:0]]
[2025.05.13-18.58.50:661][  0]LogConfig: Setting CVar [[r.SkyAtmosphere.TransmittanceLUT.SampleCount:10.0]]
[2025.05.13-18.58.50:661][  0]LogConfig: Setting CVar [[r.SkyAtmosphere.MultiScatteringLUT.SampleCount:15.0]]
[2025.05.13-18.58.50:661][  0]LogConfig: Setting CVar [[r.SkyLight.RealTimeReflectionCapture:1]]
[2025.05.13-18.58.50:661][  0]LogConfig: Applying CVar settings from Section [FoliageQuality@3] File [C:/Rzeczy/TopuDownuShuteru/Saved/Config/Windows/Scalability.ini]
[2025.05.13-18.58.50:661][  0]LogConfig: Setting CVar [[foliage.DensityScale:1.0]]
[2025.05.13-18.58.50:661][  0]LogConfig: Setting CVar [[grass.DensityScale:1.0]]
[2025.05.13-18.58.50:661][  0]LogConfig: Applying CVar settings from Section [ShadingQuality@3] File [C:/Rzeczy/TopuDownuShuteru/Saved/Config/Windows/Scalability.ini]
[2025.05.13-18.58.50:661][  0]LogConfig: Setting CVar [[r.HairStrands.SkyLighting.IntegrationType:2]]
[2025.05.13-18.58.50:661][  0]LogConfig: Setting CVar [[r.HairStrands.SkyAO.SampleCount:4]]
[2025.05.13-18.58.50:661][  0]LogConfig: Setting CVar [[r.HairStrands.Visibility.MSAA.SamplePerPixel:4]]
[2025.05.13-18.58.50:661][  0]LogInit: Selected Device Profile: [Windows]
[2025.05.13-18.58.50:661][  0]LogInit: Applying CVar settings loaded from the selected device profile: [Windows]
[2025.05.13-18.58.50:661][  0]LogHAL: Display: Platform has ~ 16 GB [16849256448 / 17179869184 / 16], which maps to Larger [LargestMinGB=32, LargerMinGB=12, DefaultMinGB=8, SmallerMinGB=6, SmallestMinGB=0)
[2025.05.13-18.58.50:661][  0]LogInit: Going up to parent DeviceProfile []
[2025.05.13-18.58.50:661][  0]LogConfig: Applying CVar settings from Section [ViewDistanceQuality@3] File [C:/Rzeczy/TopuDownuShuteru/Saved/Config/Windows/Scalability.ini]
[2025.05.13-18.58.50:661][  0]LogConfig: Setting CVar [[r.SkeletalMeshLODBias:0]]
[2025.05.13-18.58.50:661][  0]LogConfig: Setting CVar [[r.ViewDistanceScale:1.0]]
[2025.05.13-18.58.50:661][  0]LogConfig: Applying CVar settings from Section [AntiAliasingQuality@3] File [C:/Rzeczy/TopuDownuShuteru/Saved/Config/Windows/Scalability.ini]
[2025.05.13-18.58.50:661][  0]LogConfig: Setting CVar [[r.PostProcessAAQuality:4]]
[2025.05.13-18.58.50:661][  0]LogConfig: Applying CVar settings from Section [ShadowQuality@3] File [C:/Rzeczy/TopuDownuShuteru/Saved/Config/Windows/Scalability.ini]
[2025.05.13-18.58.50:661][  0]LogConfig: Setting CVar [[r.LightFunctionQuality:1]]
[2025.05.13-18.58.50:661][  0]LogConfig: Setting CVar [[r.ShadowQuality:5]]
[2025.05.13-18.58.50:661][  0]LogConfig: Setting CVar [[r.Shadow.CSM.MaxCascades:10]]
[2025.05.13-18.58.50:661][  0]LogConfig: Setting CVar [[r.Shadow.MaxResolution:2048]]
[2025.05.13-18.58.50:661][  0]LogConfig: Setting CVar [[r.Shadow.MaxCSMResolution:2048]]
[2025.05.13-18.58.50:661][  0]LogConfig: Setting CVar [[r.Shadow.RadiusThreshold:0.01]]
[2025.05.13-18.58.50:661][  0]LogConfig: Setting CVar [[r.Shadow.DistanceScale:1.0]]
[2025.05.13-18.58.50:661][  0]LogConfig: Setting CVar [[r.Shadow.CSM.TransitionScale:1.0]]
[2025.05.13-18.58.50:661][  0]LogConfig: Setting CVar [[r.Shadow.PreShadowResolutionFactor:1.0]]
[2025.05.13-18.58.50:661][  0]LogConfig: Setting CVar [[r.DistanceFieldShadowing:1]]
[2025.05.13-18.58.50:661][  0]LogConfig: Setting CVar [[r.DistanceFieldAO:1]]
[2025.05.13-18.58.50:661][  0]LogConfig: Setting CVar [[r.AOQuality:2]]
[2025.05.13-18.58.50:661][  0]LogConfig: Setting CVar [[r.VolumetricFog:1]]
[2025.05.13-18.58.50:661][  0]LogConfig: Setting CVar [[r.VolumetricFog.GridPixelSize:8]]
[2025.05.13-18.58.50:661][  0]LogConfig: Setting CVar [[r.VolumetricFog.GridSizeZ:128]]
[2025.05.13-18.58.50:661][  0]LogConfig: Setting CVar [[r.VolumetricFog.HistoryMissSupersampleCount:4]]
[2025.05.13-18.58.50:661][  0]LogConfig: Setting CVar [[r.LightMaxDrawDistanceScale:1]]
[2025.05.13-18.58.50:661][  0]LogConfig: Setting CVar [[r.CapsuleShadows:1]]
[2025.05.13-18.58.50:661][  0]LogConfig: Applying CVar settings from Section [PostProcessQuality@3] File [C:/Rzeczy/TopuDownuShuteru/Saved/Config/Windows/Scalability.ini]
[2025.05.13-18.58.50:661][  0]LogConfig: Setting CVar [[r.MotionBlurQuality:4]]
[2025.05.13-18.58.50:661][  0]LogConfig: Setting CVar [[r.AmbientOcclusionMipLevelFactor:0.4]]
[2025.05.13-18.58.50:661][  0]LogConfig: Setting CVar [[r.AmbientOcclusionMaxQuality:100]]
[2025.05.13-18.58.50:661][  0]LogConfig: Setting CVar [[r.AmbientOcclusionLevels:-1]]
[2025.05.13-18.58.50:661][  0]LogConfig: Setting CVar [[r.AmbientOcclusionRadiusScale:1.0]]
[2025.05.13-18.58.50:661][  0]LogConfig: Setting CVar [[r.DepthOfFieldQuality:2]]
[2025.05.13-18.58.50:661][  0]LogConfig: Setting CVar [[r.RenderTargetPoolMin:400]]
[2025.05.13-18.58.50:661][  0]LogConfig: Setting CVar [[r.LensFlareQuality:2]]
[2025.05.13-18.58.50:661][  0]LogConfig: Setting CVar [[r.SceneColorFringeQuality:1]]
[2025.05.13-18.58.50:661][  0]LogConfig: Setting CVar [[r.EyeAdaptationQuality:2]]
[2025.05.13-18.58.50:661][  0]LogConfig: Setting CVar [[r.BloomQuality:5]]
[2025.05.13-18.58.50:661][  0]LogConfig: Setting CVar [[r.FastBlurThreshold:100]]
[2025.05.13-18.58.50:661][  0]LogConfig: Setting CVar [[r.Upscale.Quality:3]]
[2025.05.13-18.58.50:661][  0]LogConfig: Setting CVar [[r.Tonemapper.GrainQuantization:1]]
[2025.05.13-18.58.50:661][  0]LogConfig: Setting CVar [[r.LightShaftQuality:1]]
[2025.05.13-18.58.50:661][  0]LogConfig: Setting CVar [[r.Filter.SizeScale:1]]
[2025.05.13-18.58.50:661][  0]LogConfig: Setting CVar [[r.Tonemapper.Quality:5]]
[2025.05.13-18.58.50:661][  0]LogConfig: Setting CVar [[r.DOF.Gather.AccumulatorQuality:1        ; higher gathering accumulator quality]]
[2025.05.13-18.58.50:661][  0]LogConfig: Setting CVar [[r.DOF.Gather.PostfilterMethod:1          ; Median3x3 postfilering method]]
[2025.05.13-18.58.50:661][  0]LogConfig: Setting CVar [[r.DOF.Gather.EnableBokehSettings:0       ; no bokeh simulation when gathering]]
[2025.05.13-18.58.50:661][  0]LogConfig: Setting CVar [[r.DOF.Gather.RingCount:4                 ; medium number of samples when gathering]]
[2025.05.13-18.58.50:661][  0]LogConfig: Setting CVar [[r.DOF.Scatter.ForegroundCompositing:1    ; additive foreground scattering]]
[2025.05.13-18.58.50:661][  0]LogConfig: Setting CVar [[r.DOF.Scatter.BackgroundCompositing:2    ; additive background scattering]]
[2025.05.13-18.58.50:661][  0]LogConfig: Setting CVar [[r.DOF.Scatter.EnableBokehSettings:1      ; bokeh simulation when scattering]]
[2025.05.13-18.58.50:661][  0]LogConfig: Setting CVar [[r.DOF.Scatter.MaxSpriteRatio:0.1         ; only a maximum of 10% of scattered bokeh]]
[2025.05.13-18.58.50:661][  0]LogConfig: Setting CVar [[r.DOF.Recombine.Quality:1                ; cheap slight out of focus]]
[2025.05.13-18.58.50:661][  0]LogConfig: Setting CVar [[r.DOF.Recombine.EnableBokehSettings:0    ; no bokeh simulation on slight out of focus]]
[2025.05.13-18.58.50:661][  0]LogConfig: Setting CVar [[r.DOF.TemporalAAQuality:1                ; more stable temporal accumulation]]
[2025.05.13-18.58.50:661][  0]LogConfig: Setting CVar [[r.DOF.Kernel.MaxForegroundRadius:0.025]]
[2025.05.13-18.58.50:661][  0]LogConfig: Setting CVar [[r.DOF.Kernel.MaxBackgroundRadius:0.025]]
[2025.05.13-18.58.50:661][  0]LogConfig: Applying CVar settings from Section [TextureQuality@3] File [C:/Rzeczy/TopuDownuShuteru/Saved/Config/Windows/Scalability.ini]
[2025.05.13-18.58.50:661][  0]LogConfig: Setting CVar [[r.Streaming.MipBias:0]]
[2025.05.13-18.58.50:661][  0]LogConfig: Setting CVar [[r.Streaming.AmortizeCPUToGPUCopy:0]]
[2025.05.13-18.58.50:661][  0]LogConfig: Setting CVar [[r.Streaming.MaxNumTexturesToStreamPerFrame:0]]
[2025.05.13-18.58.50:661][  0]LogConfig: Setting CVar [[r.Streaming.Boost:1]]
[2025.05.13-18.58.50:661][  0]LogConfig: Setting CVar [[r.MaxAnisotropy:8]]
[2025.05.13-18.58.50:661][  0]LogConfig: Setting CVar [[r.VT.MaxAnisotropy:8]]
[2025.05.13-18.58.50:661][  0]LogConfig: Setting CVar [[r.Streaming.LimitPoolSizeToVRAM:0]]
[2025.05.13-18.58.50:661][  0]LogConfig: Setting CVar [[r.Streaming.PoolSize:1000]]
[2025.05.13-18.58.50:661][  0]LogConfig: Setting CVar [[r.Streaming.MaxEffectiveScreenSize:0]]
[2025.05.13-18.58.50:661][  0]LogConfig: Applying CVar settings from Section [EffectsQuality@3] File [C:/Rzeczy/TopuDownuShuteru/Saved/Config/Windows/Scalability.ini]
[2025.05.13-18.58.50:661][  0]LogConfig: Setting CVar [[r.TranslucencyLightingVolumeDim:64]]
[2025.05.13-18.58.50:661][  0]LogConfig: Setting CVar [[r.RefractionQuality:2]]
[2025.05.13-18.58.50:661][  0]LogConfig: Setting CVar [[r.SSR.Quality:3]]
[2025.05.13-18.58.50:661][  0]LogConfig: Setting CVar [[r.SSR.HalfResSceneColor:0]]
[2025.05.13-18.58.50:661][  0]LogConfig: Setting CVar [[r.SceneColorFormat:4]]
[2025.05.13-18.58.50:661][  0]LogConfig: Setting CVar [[r.DetailMode:2]]
[2025.05.13-18.58.50:661][  0]LogConfig: Setting CVar [[r.TranslucencyVolumeBlur:1]]
[2025.05.13-18.58.50:661][  0]LogConfig: Setting CVar [[r.MaterialQualityLevel:1 ; High quality]]
[2025.05.13-18.58.50:661][  0]LogConfig: Setting CVar [[r.AnisotropicMaterials:1]]
[2025.05.13-18.58.50:662][  0]LogConfig: Setting CVar [[r.SSS.Scale:1]]
[2025.05.13-18.58.50:662][  0]LogConfig: Setting CVar [[r.SSS.SampleSet:2]]
[2025.05.13-18.58.50:662][  0]LogConfig: Setting CVar [[r.SSS.Quality:1]]
[2025.05.13-18.58.50:662][  0]LogConfig: Setting CVar [[r.SSS.HalfRes:0]]
[2025.05.13-18.58.50:662][  0]LogConfig: Setting CVar [[r.SSGI.Quality:3]]
[2025.05.13-18.58.50:662][  0]LogConfig: Setting CVar [[r.EmitterSpawnRateScale:1.0]]
[2025.05.13-18.58.50:662][  0]LogConfig: Setting CVar [[r.ParticleLightQuality:2]]
[2025.05.13-18.58.50:662][  0]LogConfig: Setting CVar [[r.SkyAtmosphere.AerialPerspectiveLUT.FastApplyOnOpaque:1 ; Always have FastSkyLUT 1 in this case to avoid wrong sky]]
[2025.05.13-18.58.50:662][  0]LogConfig: Setting CVar [[r.SkyAtmosphere.AerialPerspectiveLUT.SampleCountMaxPerSlice:4]]
[2025.05.13-18.58.50:662][  0]LogConfig: Setting CVar [[r.SkyAtmosphere.AerialPerspectiveLUT.DepthResolution:16.0]]
[2025.05.13-18.58.50:662][  0]LogConfig: Setting CVar [[r.SkyAtmosphere.FastSkyLUT:1]]
[2025.05.13-18.58.50:662][  0]LogConfig: Setting CVar [[r.SkyAtmosphere.FastSkyLUT.SampleCountMin:4.0]]
[2025.05.13-18.58.50:662][  0]LogConfig: Setting CVar [[r.SkyAtmosphere.FastSkyLUT.SampleCountMax:128.0]]
[2025.05.13-18.58.50:662][  0]LogConfig: Setting CVar [[r.SkyAtmosphere.SampleCountMin:4.0]]
[2025.05.13-18.58.50:662][  0]LogConfig: Setting CVar [[r.SkyAtmosphere.SampleCountMax:128.0]]
[2025.05.13-18.58.50:662][  0]LogConfig: Setting CVar [[r.SkyAtmosphere.TransmittanceLUT.UseSmallFormat:0]]
[2025.05.13-18.58.50:662][  0]LogConfig: Setting CVar [[r.SkyAtmosphere.TransmittanceLUT.SampleCount:10.0]]
[2025.05.13-18.58.50:662][  0]LogConfig: Setting CVar [[r.SkyAtmosphere.MultiScatteringLUT.SampleCount:15.0]]
[2025.05.13-18.58.50:662][  0]LogConfig: Setting CVar [[r.SkyLight.RealTimeReflectionCapture:1]]
[2025.05.13-18.58.50:662][  0]LogConfig: Applying CVar settings from Section [FoliageQuality@3] File [C:/Rzeczy/TopuDownuShuteru/Saved/Config/Windows/Scalability.ini]
[2025.05.13-18.58.50:662][  0]LogConfig: Setting CVar [[foliage.DensityScale:1.0]]
[2025.05.13-18.58.50:662][  0]LogConfig: Setting CVar [[grass.DensityScale:1.0]]
[2025.05.13-18.58.50:662][  0]LogConfig: Applying CVar settings from Section [ShadingQuality@3] File [C:/Rzeczy/TopuDownuShuteru/Saved/Config/Windows/Scalability.ini]
[2025.05.13-18.58.50:662][  0]LogConfig: Setting CVar [[r.HairStrands.SkyLighting.IntegrationType:2]]
[2025.05.13-18.58.50:662][  0]LogConfig: Setting CVar [[r.HairStrands.SkyAO.SampleCount:4]]
[2025.05.13-18.58.50:662][  0]LogConfig: Setting CVar [[r.HairStrands.Visibility.MSAA.SamplePerPixel:4]]
[2025.05.13-18.58.50:662][  0]LogConfig: Applying CVar settings from Section [Startup] File [../../../Engine/Config/ConsoleVariables.ini]
[2025.05.13-18.58.50:662][  0]LogConfig: Setting CVar [[net.UseAdaptiveNetUpdateFrequency:0]]
[2025.05.13-18.58.50:662][  0]LogConfig: Setting CVar [[p.chaos.AllowCreatePhysxBodies:1]]
[2025.05.13-18.58.50:662][  0]LogConfig: Setting CVar [[fx.SkipVectorVMBackendOptimizations:1]]
[2025.05.13-18.58.50:662][  0]LogConfig: Applying CVar settings from Section [ConsoleVariables] File [C:/Rzeczy/TopuDownuShuteru/Saved/Config/Windows/Engine.ini]
[2025.05.13-18.58.50:662][  0]LogConfig: Applying CVar settings from Section [ConsoleVariables] File [C:/Rzeczy/TopuDownuShuteru/Saved/Config/Windows/Editor.ini]
[2025.05.13-18.58.50:662][  0]LogInit: Computer: DESKTOP-QAAO9HT
[2025.05.13-18.58.50:662][  0]LogInit: User: DELL
[2025.05.13-18.58.50:662][  0]LogInit: CPU Page size=4096, Cores=10
[2025.05.13-18.58.50:662][  0]LogInit: High frequency timer resolution =10.000000 MHz
[2025.05.13-18.58.50:662][  0]LogMemory: Memory total: Physical=15.7GB (16GB approx)
[2025.05.13-18.58.50:662][  0]LogMemory: Platform Memory Stats for Windows
[2025.05.13-18.58.50:662][  0]LogMemory: Process Physical Memory: 145.12 MB used, 145.12 MB peak
[2025.05.13-18.58.50:662][  0]LogMemory: Process Virtual Memory: 129.96 MB used, 129.96 MB peak
[2025.05.13-18.58.50:662][  0]LogMemory: Physical Memory: 12545.09 MB used,  3523.61 MB free, 16068.70 MB total
[2025.05.13-18.58.50:662][  0]LogMemory: Virtual Memory: 134215064.00 MB used,  2663.77 MB free, 134217728.00 MB total
[2025.05.13-18.58.50:667][  0]LogWindows: WindowsPlatformFeatures enabled
[2025.05.13-18.58.50:683][  0]LogInit: Physics initialised using underlying interface: PhysX
[2025.05.13-18.58.50:683][  0]LogInit: Using OS detected language (pl-PL).
[2025.05.13-18.58.50:683][  0]LogInit: Using OS detected locale (pl-PL).
[2025.05.13-18.58.50:687][  0]LogTextLocalizationManager: No specific localization for 'pl-PL' exists, so the 'pl' localization will be used.
[2025.05.13-18.58.50:687][  0]LogTextLocalizationResource: LocRes '../../../Engine/Content/Localization/Editor/pl/Editor.locres' could not be opened for reading!
[2025.05.13-18.58.50:687][  0]LogTextLocalizationResource: LocRes '../../../Engine/Content/Localization/EditorTutorials/pl/EditorTutorials.locres' could not be opened for reading!
[2025.05.13-18.58.50:687][  0]LogTextLocalizationResource: LocRes '../../../Engine/Content/Localization/Keywords/pl/Keywords.locres' could not be opened for reading!
[2025.05.13-18.58.50:687][  0]LogTextLocalizationResource: LocRes '../../../Engine/Content/Localization/Category/pl/Category.locres' could not be opened for reading!
[2025.05.13-18.58.50:687][  0]LogTextLocalizationResource: LocRes '../../../Engine/Content/Localization/ToolTips/pl/ToolTips.locres' could not be opened for reading!
[2025.05.13-18.58.50:687][  0]LogTextLocalizationResource: LocRes '../../../Engine/Content/Localization/PropertyNames/pl/PropertyNames.locres' could not be opened for reading!
[2025.05.13-18.58.50:687][  0]LogTextLocalizationResource: LocRes '../../../Engine/Content/Localization/Engine/pl/Engine.locres' could not be opened for reading!
[2025.05.13-18.58.50:688][  0]LogInit: Setting process to per monitor DPI aware
[2025.05.13-18.58.50:714][  0]LogWindowsTextInputMethodSystem: Display: IME system deactivated.
[2025.05.13-18.58.50:732][  0]LogSlate: New Slate User Created.  User Index 0, Is Virtual User: 0
[2025.05.13-18.58.50:732][  0]LogSlate: Slate User Registered.  User Index 0, Is Virtual User: 0
[2025.05.13-18.58.50:817][  0]LogD3D11RHI: Loaded GFSDK_Aftermath_Lib.x64.dll
[2025.05.13-18.58.50:820][  0]LogHMD: Failed to initialize OpenVR with code 110
[2025.05.13-18.58.50:820][  0]LogD3D11RHI: D3D11 min allowed feature level: 11_0
[2025.05.13-18.58.50:820][  0]LogD3D11RHI: D3D11 max allowed feature level: 11_0
[2025.05.13-18.58.50:820][  0]LogD3D11RHI: D3D11 adapters:
[2025.05.13-18.58.50:950][  0]LogD3D11RHI:    0. 'Intel(R) Iris(R) Xe Graphics' (Feature Level 11_0)
[2025.05.13-18.58.50:950][  0]LogD3D11RHI:       128/0/8034 MB DedicatedVideo/DedicatedSystem/SharedSystem, Outputs:1, VendorId:0x8086
[2025.05.13-18.58.50:952][  0]LogD3D11RHI:    1. 'Microsoft Basic Render Driver' (Feature Level 11_0)
[2025.05.13-18.58.50:952][  0]LogD3D11RHI:       0/0/8034 MB DedicatedVideo/DedicatedSystem/SharedSystem, Outputs:0, VendorId:0x1414
[2025.05.13-18.58.50:952][  0]LogD3D11RHI: Chosen D3D11 Adapter:
[2025.05.13-18.58.50:952][  0]LogD3D11RHI:     Description : Intel(R) Iris(R) Xe Graphics
[2025.05.13-18.58.50:952][  0]LogD3D11RHI:     VendorId    : 8086
[2025.05.13-18.58.50:952][  0]LogD3D11RHI:     DeviceId    : 46a8
[2025.05.13-18.58.50:952][  0]LogD3D11RHI:     SubSysId    : b031028
[2025.05.13-18.58.50:952][  0]LogD3D11RHI:     Revision    : 000c
[2025.05.13-18.58.50:952][  0]LogD3D11RHI:     DedicatedVideoMemory : 134217728 bytes
[2025.05.13-18.58.50:952][  0]LogD3D11RHI:     DedicatedSystemMemory : 0 bytes
[2025.05.13-18.58.50:952][  0]LogD3D11RHI:     SharedSystemMemory : 8424628224 bytes
[2025.05.13-18.58.50:952][  0]LogD3D11RHI:     AdapterLuid : 0 82820
[2025.05.13-18.58.50:960][  0]LogD3D11RHI: Creating new Direct3DDevice
[2025.05.13-18.58.50:960][  0]LogD3D11RHI:     GPU DeviceId: 0x46a8 (for the marketing name, search the web for "GPU Device Id")
[2025.05.13-18.58.50:960][  0]LogWindows: EnumDisplayDevices:
[2025.05.13-18.58.50:960][  0]LogWindows:    0. 'Intel(R) Iris(R) Xe Graphics' (P:1 D:1)
[2025.05.13-18.58.50:960][  0]LogWindows:    1. 'Intel(R) Iris(R) Xe Graphics' (P:0 D:0)
[2025.05.13-18.58.50:960][  0]LogWindows:    2. 'Intel(R) Iris(R) Xe Graphics' (P:0 D:0)
[2025.05.13-18.58.50:960][  0]LogWindows:    3. 'Intel(R) Iris(R) Xe Graphics' (P:0 D:0)
[2025.05.13-18.58.50:960][  0]LogWindows: DebugString: FoundDriverCount:4 
[2025.05.13-18.58.50:960][  0]LogD3D11RHI:     Adapter Name: Intel(R) Iris(R) Xe Graphics
[2025.05.13-18.58.50:960][  0]LogD3D11RHI:   Driver Version: 31.0.101.5333 (internal:31.0.101.5333, unified:31.0.101.5333)
[2025.05.13-18.58.50:960][  0]LogD3D11RHI:      Driver Date: 2-21-2024
[2025.05.13-18.58.50:960][  0]LogRHI: Texture pool is 1523 MB (70% of 2176 MB)
[2025.05.13-18.58.50:965][  0]LogD3D11RHI: Creating D3DDevice using adapter:
[2025.05.13-18.58.50:965][  0]LogD3D11RHI:     Description : Intel(R) Iris(R) Xe Graphics
[2025.05.13-18.58.50:965][  0]LogD3D11RHI:     VendorId    : 8086
[2025.05.13-18.58.50:965][  0]LogD3D11RHI:     DeviceId    : 46a8
[2025.05.13-18.58.50:965][  0]LogD3D11RHI:     SubSysId    : b031028
[2025.05.13-18.58.50:965][  0]LogD3D11RHI:     Revision    : 000c
[2025.05.13-18.58.50:965][  0]LogD3D11RHI:     DedicatedVideoMemory : 134217728 bytes
[2025.05.13-18.58.50:965][  0]LogD3D11RHI:     DedicatedSystemMemory : 0 bytes
[2025.05.13-18.58.50:965][  0]LogD3D11RHI:     SharedSystemMemory : 8424628224 bytes
[2025.05.13-18.58.50:965][  0]LogD3D11RHI:     AdapterLuid : 0 82820
[2025.05.13-18.58.51:068][  0]LogD3D11RHI: RHI does not have support for 64 bit atomics
[2025.05.13-18.58.51:080][  0]LogD3D11RHI: Intel Extensions support version Full=16777216, Major=1, Minor=0, Revision=0
[2025.05.13-18.58.51:080][  0]LogD3D11RHI: Intel Extensions support version Full=16777217, Major=1, Minor=0, Revision=1
[2025.05.13-18.58.51:080][  0]LogD3D11RHI: Intel Extensions Framework enabled
[2025.05.13-18.58.51:081][  0]LogD3D11RHI: [IntelMetricsDiscovery] Started
[2025.05.13-18.58.51:081][  0]LogD3D11RHI: Async texture creation enabled
[2025.05.13-18.58.51:081][  0]LogD3D11RHI: Array index from any shader is supported
[2025.05.13-18.58.51:091][  0]LogD3D11RHI: GPU Timing Frequency: 19.200000 (Debug: 2 0)
[2025.05.13-18.58.51:331][  0]LogTargetPlatformManager: Display: Loaded TargetPlatform 'AllDesktop'
[2025.05.13-18.58.51:346][  0]LogTargetPlatformManager: Display: Loaded TargetPlatform 'Android'
[2025.05.13-18.58.51:346][  0]LogTargetPlatformManager: Display: Loaded TargetPlatform 'Android_ASTC'
[2025.05.13-18.58.51:346][  0]LogTargetPlatformManager: Display: Loaded TargetPlatform 'Android_DXT'
[2025.05.13-18.58.51:346][  0]LogTargetPlatformManager: Display: Loaded TargetPlatform 'Android_ETC2'
[2025.05.13-18.58.51:346][  0]LogTargetPlatformManager: Display: Loaded TargetPlatform 'AndroidClient'
[2025.05.13-18.58.51:346][  0]LogTargetPlatformManager: Display: Loaded TargetPlatform 'Android_ASTCClient'
[2025.05.13-18.58.51:346][  0]LogTargetPlatformManager: Display: Loaded TargetPlatform 'Android_DXTClient'
[2025.05.13-18.58.51:346][  0]LogTargetPlatformManager: Display: Loaded TargetPlatform 'Android_ETC2Client'
[2025.05.13-18.58.51:346][  0]LogTargetPlatformManager: Display: Loaded TargetPlatform 'Android_Multi'
[2025.05.13-18.58.51:346][  0]LogTargetPlatformManager: Display: Loaded TargetPlatform 'Android_MultiClient'
[2025.05.13-18.58.51:360][  0]LogTargetPlatformManager: Display: Loaded TargetPlatform 'IOSClient'
[2025.05.13-18.58.51:360][  0]LogTargetPlatformManager: Display: Loaded TargetPlatform 'IOS'
[2025.05.13-18.58.51:367][  0]LogTargetPlatformManager: Display: Loaded TargetPlatform 'Linux'
[2025.05.13-18.58.51:371][  0]LogTargetPlatformManager: Display: Loaded TargetPlatform 'LinuxNoEditor'
[2025.05.13-18.58.51:374][  0]LogTargetPlatformManager: Display: Loaded TargetPlatform 'LinuxClient'
[2025.05.13-18.58.51:378][  0]LogTargetPlatformManager: Display: Loaded TargetPlatform 'LinuxServer'
[2025.05.13-18.58.51:385][  0]LogTargetPlatformManager: Display: Loaded TargetPlatform 'LinuxAArch64NoEditor'
[2025.05.13-18.58.51:389][  0]LogTargetPlatformManager: Display: Loaded TargetPlatform 'LinuxAArch64Client'
[2025.05.13-18.58.51:392][  0]LogTargetPlatformManager: Display: Loaded TargetPlatform 'LinuxAArch64Server'
[2025.05.13-18.58.51:407][  0]LogTargetPlatformManager: Display: Loaded TargetPlatform 'Lumin'
[2025.05.13-18.58.51:407][  0]LogTargetPlatformManager: Display: Loaded TargetPlatform 'LuminClient'
[2025.05.13-18.58.51:413][  0]LogTargetPlatformManager: Display: Loaded TargetPlatform 'MacNoEditor'
[2025.05.13-18.58.51:417][  0]LogTargetPlatformManager: Display: Loaded TargetPlatform 'Mac'
[2025.05.13-18.58.51:420][  0]LogTargetPlatformManager: Display: Loaded TargetPlatform 'MacClient'
[2025.05.13-18.58.51:423][  0]LogTargetPlatformManager: Display: Loaded TargetPlatform 'MacServer'
[2025.05.13-18.58.51:430][  0]LogTargetPlatformManager: Display: Loaded TargetPlatform 'TVOSClient'
[2025.05.13-18.58.51:431][  0]LogTargetPlatformManager: Display: Loaded TargetPlatform 'TVOS'
[2025.05.13-18.58.51:437][  0]LogTargetPlatformManager: Display: Loaded TargetPlatform 'WindowsNoEditor'
[2025.05.13-18.58.51:441][  0]LogTargetPlatformManager: Display: Loaded TargetPlatform 'Windows'
[2025.05.13-18.58.51:444][  0]LogTargetPlatformManager: Display: Loaded TargetPlatform 'WindowsClient'
[2025.05.13-18.58.51:448][  0]LogTargetPlatformManager: Display: Loaded TargetPlatform 'WindowsServer'
[2025.05.13-18.58.51:448][  0]LogTargetPlatformManager: Display: Building Assets For Windows
[2025.05.13-18.58.51:453][  0]LogAudioDebug: Display: Lib vorbis DLL was dynamically loaded.
[2025.05.13-18.58.51:477][  0]LogTextureFormatOodle: Display: Oodle Texture 2.9.0 init RDO Off
[2025.05.13-18.58.51:503][  0]LogRendererCore: Ray tracing is disabled. Reason: r.RayTracing=0.
[2025.05.13-18.58.51:503][  0]LogShaderCompilers: Guid format shader working directory is 3 characters bigger than the processId version (../../../../../../Rzeczy/TopuDownuShuteru/Intermediate/Shaders/WorkingDirectory/25880/).
[2025.05.13-18.58.51:503][  0]LogShaderCompilers: Cleaned the shader compiler working directory 'C:/Users/DELL/AppData/Local/Temp/UnrealShaderWorkingDir/706C44C9489A90252AD5AFB553F4ED20/'.
[2025.05.13-18.58.51:503][  0]LogXGEController: Cannot use XGE Controller as Incredibuild is not installed on this machine.
[2025.05.13-18.58.51:503][  0]LogShaderCompilers: Cannot use XGE Shader Compiler as Incredibuild is not installed on this machine.
[2025.05.13-18.58.51:503][  0]LogShaderCompilers: Display: Using Local Shader Compiler.
[2025.05.13-18.58.52:114][  0]LogDerivedDataCache: Display: Max Cache Size: 512 MB
[2025.05.13-18.58.52:182][  0]LogDerivedDataCache: Loaded boot cache 0.07s 94MB C:/Users/DELL/AppData/Local/UnrealEngine/4.27/DerivedDataCache/Boot.ddc.
[2025.05.13-18.58.52:182][  0]LogDerivedDataCache: Display: Loaded Boot cache: C:/Users/DELL/AppData/Local/UnrealEngine/4.27/DerivedDataCache/Boot.ddc
[2025.05.13-18.58.52:182][  0]LogDerivedDataCache: FDerivedDataBackendGraph:  Pak pak cache file ../../../../../../Rzeczy/TopuDownuShuteru/DerivedDataCache/DDC.ddp not found, will not use a pak cache.
[2025.05.13-18.58.52:182][  0]LogDerivedDataCache: Unable to find inner node Pak for hierarchical cache Hierarchy.
[2025.05.13-18.58.52:182][  0]LogDerivedDataCache: FDerivedDataBackendGraph:  CompressedPak pak cache file ../../../../../../Rzeczy/TopuDownuShuteru/DerivedDataCache/Compressed.ddp not found, will not use a pak cache.
[2025.05.13-18.58.52:182][  0]LogDerivedDataCache: Unable to find inner node CompressedPak for hierarchical cache Hierarchy.
[2025.05.13-18.58.52:195][  0]LogDerivedDataCache: Display: Pak cache opened for reading ../../../Engine/DerivedDataCache/Compressed.ddp.
[2025.05.13-18.58.52:195][  0]LogDerivedDataCache: FDerivedDataBackendGraph:  EnterprisePak pak cache file ../../../Enterprise/DerivedDataCache/Compressed.ddp not found, will not use a pak cache.
[2025.05.13-18.58.52:195][  0]LogDerivedDataCache: Unable to find inner node EnterprisePak for hierarchical cache Hierarchy.
[2025.05.13-18.58.52:201][  0]LogDerivedDataCache: Speed tests for C:/Users/DELL/AppData/Local/UnrealEngine/Common/DerivedDataCache took 0.01 seconds
[2025.05.13-18.58.52:201][  0]LogDerivedDataCache: Display: Performance to C:/Users/DELL/AppData/Local/UnrealEngine/Common/DerivedDataCache: Latency=0.01ms. RandomReadSpeed=1510.70MBs, RandomWriteSpeed=216.12MBs. Assigned SpeedClass 'Local'
[2025.05.13-18.58.52:202][  0]LogDerivedDataCache: Using Local data cache path C:/Users/DELL/AppData/Local/UnrealEngine/Common/DerivedDataCache: Writable
[2025.05.13-18.58.52:202][  0]LogDerivedDataCache: Shared data cache path not found in *engine.ini, will not use an Shared cache.
[2025.05.13-18.58.52:202][  0]LogDerivedDataCache: Unable to find inner node Shared for hierarchical cache Hierarchy.
[2025.05.13-18.58.52:237][  0]LogSlate: Using FreeType 2.10.0
[2025.05.13-18.58.52:238][  0]LogSlate: SlateFontServices - WITH_FREETYPE: 1, WITH_HARFBUZZ: 1
[2025.05.13-18.58.52:259][  0]LogAssetRegistry: FAssetRegistry took 0.0024 seconds to start up
[2025.05.13-18.58.52:525][  0]LogInit: Selected Device Profile: [Windows]
[2025.05.13-18.58.52:525][  0]LogInit: Active device profile: [000001E2D5A18F00][000001E2D3226640 49] Windows
[2025.05.13-18.58.52:525][  0]LogInit: Profiles: [000001E2D5A18F00][000001E2D3226640 49] Windows, [000001E2D59D6400][000001E2D322A780 49] WindowsNoEditor, [000001E2D5A19F00][000001E2D3232900 49] WindowsServer, [000001E2D59D5800][000001E2D3236A80 49] WindowsClient, [000001E2D5A19200][000001E2D323AC00 49] IOS, [000001E2D59D7A00][000001E2D540ED80 49] iPadAir, [000001E2D5A1B300][000001E2D5412F00 49] iPadAir2, [000001E2D5985300][000001E2D541B1C0 49] IPadPro, [000001E2D5985400][000001E2D5417200 49] iPadAir3, [000001E2D59D4B00][000001E2D541F380 49] iPadAir4, [000001E2D5986100][000001E2D5423500 49] iPadMini2, [000001E2D59D7400][000001E2D5427680 49] iPadMini3, [000001E2D5986C00][000001E2D542B800 49] iPadMini4, [000001E2D59D6600][000001E2D542F980 49] iPadMini5, [000001E2D598CE00][000001E2D54360C0 49] iPhone6, [000001E2D598CF00][000001E2D5432100 49] iPodTouch6, [000001E2D5A1B700][000001E2D543E3C0 49] iPhone7, [000001E2D5A1A800][000001E2D543A400 49] iPodTouch7, [000001E2D5984C00][000001E2D322E540 49] iPhone5S, [000001E2D5A19700][000001E2D5442680 49] iPhone6Plus, [000001E2D5986A00][000001E2D54467C0 49] iPhone6S, [000001E2D5A19A00][000001E2D544A900 49] iPhone6SPlus, [000001E2D598C100][000001E2D5452A80 49] iPhone7Plus, [000001E2D5985D00][000001E2D5456C00 49] iPhoneSE, [000001E2D598CC00][000001E2D545AD80 49] iPhone8, [000001E2D5984400][000001E2D545EF00 49] iPhone8Plus, [000001E2D598EA00][000001E2D5463080 49] iPhoneX, [000001E2D5987C00][000001E2D5467200 49] iPhoneXS, [000001E2D598E900][000001E2D546B380 49] iPhoneXSMax, [000001E2D5984B00][000001E2D546F500 49] iPhoneXR, [000001E2D5A1B800][000001E2D5473680 49] iPhone11, [000001E2D5987D00][000001E2D5477800 49] iPhone11Pro, [000001E2D5A19B00][000001E2D547B980 49] iPhone11ProMax, [000001E2D5986300][000001E2D547FB00 49] iPhoneSE2, [000001E2D5A19E00][000001E2D5482100 49] iPhone12Mini, [000001E2D5987000][000001E2D5486280 49] iPhone12, [000001E2D5A1B400][000001E2D548A400 49] iPhone12Pro, [000001E2D5984D00][000001E2D548E580 49] iPhone12ProMax, [000001E2D5A1BC00][000001E2D5492700 49] iPadPro105, [000001E2D5987700][000001E2D544E840 49] iPadPro129, [000001E2D5A19800][000001E2D5496980 49] iPadPro97, [000001E2D5984900][000001E2D549AAC0 49] iPadPro2_129, [000001E2D5A18800][000001E2D54A2C40 49] iPad5, [000001E2D5985000][000001E2D54A6DC0 49] iPad6, [000001E2D5A1BD00][000001E2D54AAF40 49] iPad7, [000001E2D5986B00][000001E2D54AF0C0 49] iPad8, [000001E2D5A1B500][000001E2D54B3240 49] iPadPro11, [000001E2D5985900][000001E2D54B73C0 49] iPadPro2_11, [000001E2D5A18900][000001E2D54BB540 49] iPadPro3_129, [000001E2D5986800][000001E2D54BF6C0 49] iPadPro4_129, [000001E2D5A1AE00][000001E2D54C3840 49] AppleTV, [000001E2D5985100][000001E2D54C79C0 49] AppleTV4K, [000001E2D5A18500][000001E2D54CBB40 49] TVOS, [000001E2D5987A00][000001E2D54CE140 49] Mac, [000001E2D5A19100][000001E2D54D22C0 49] MacClient, [000001E2D5985800][000001E2D54D6440 49] MacNoEditor, [000001E2D5A19600][000001E2D54DA5C0 49] MacServer, [000001E2D5986700][000001E2D54DE740 49] Linux, [000001E2D5A1B200][000001E2D54E28C0 49] LinuxAArch64, [000001E2D5984300][000001E2D549EA00 49] LinuxNoEditor, [000001E2D5A1B100][000001E2D54E6B40 49] LinuxAArch64NoEditor, [000001E2D5985500][000001E2D54EAC80 49] LinuxClient, [000001E2D5A19000][000001E2D54EEDC0 49] LinuxAArch64Client, [000001E2D5986600][000001E2D54F6F40 49] LinuxServer, [000001E2D5A19400][000001E2D54FB0C0 49] LinuxAArch64Server, [000001E2D5985600][000001E2D54FF240 49] Android, [000001E2D5A1BA00][000001E2D55033C0 49] Android_Low, [000001E2D5986400][000001E2D5507540 49] Android_Mid, [000001E2D5A19D00][000001E2D550B6C0 49] Android_High, [000001E2D5986000][000001E2D550F840 49] Android_Default, [000001E2D5A1AB00][000001E2D55139C0 49] Android_Adreno4xx, [000001E2D5984A00][000001E2D5517B40 49] Android_Adreno5xx_Low, [000001E2D5A1BB00][000001E2D551A140 49] Android_Adreno5xx, [000001E2D5986D00][000001E2D551E2C0 49] Android_Adreno6xx, [000001E2D5A18100][000001E2D5522440 49] Android_Adreno6xx_Vulkan, [000001E2D5986200][000001E2D55265C0 49] Android_Mali_T6xx, [000001E2D5A1AD00][000001E2D552A740 49] Android_Mali_T7xx, [000001E2D59D5400][000001E2D552E8C0 49] Android_Mali_T8xx, [000001E2D598C300][000001E2D5532A40 49] Android_Mali_G71, [000001E2D59D4600][000001E2D54F2B80 49] Android_Mali_G72, [000001E2D598C600][000001E2D5536CC0 49] Android_Mali_G72_Vulkan, [000001E2D59D5000][000001E2D5544E00 49] Android_Mali_G76, [000001E2D598C700][000001E2D555CF40 49] Android_Mali_G76_Vulkan, [000001E2D59D6000][000001E2D55770C0 49] Android_Mali_G77, [000001E2D598EF00][000001E2D557B240 49] Android_Mali_G77_Vulkan, [000001E2D59D4E00][000001E2D557F3C0 49] Android_Mali_G78, [000001E2D598F100][000001E2D5583540 49] Android_Mali_G78_Vulkan, [000001E2D59D5900][000001E2D55876C0 49] Android_Mali_G710, [000001E2D598EC00][000001E2D558B840 49] Android_Mali_G710_Vulkan, [000001E2D59D7600][000001E2D558F9C0 49] Android_Vulkan_SM5, [000001E2D598F500][000001E2D5593B40 49] Android_PowerVR_G6xxx, [000001E2D59D5A00][000001E2D5596140 49] Android_PowerVR_GT7xxx, [000001E2D598DD00][000001E2D559A2C0 49] Android_PowerVR_GE8xxx, [000001E2D59D6D00][000001E2D559E440 49] Android_PowerVR_GM9xxx, [000001E2D598C800][000001E2D55A25C0 49] Android_PowerVR_GM9xxx_Vulkan, [000001E2D59D7100][000001E2D55A6740 49] Android_TegraK1, [000001E2D598D400][000001E2D55AA8C0 49] Android_Unknown_Vulkan, [000001E2D59D6300][000001E2D55AEA40 49] Lumin, [000001E2D598FC00][000001E2D55B2BC0 49] Lumin_Desktop, [000001E2D59D6B00][000001E2D55B6D40 49] HoloLens, 
[2025.05.13-18.58.52:706][  0]LogMeshReduction: Using QuadricMeshReduction for automatic static mesh reduction
[2025.05.13-18.58.52:707][  0]LogMeshReduction: Using SimplygonMeshReduction for automatic skeletal mesh reduction
[2025.05.13-18.58.52:707][  0]LogMeshReduction: Using ProxyLODMeshReduction for automatic mesh merging
[2025.05.13-18.58.52:707][  0]LogMeshReduction: No distributed automatic mesh merging module available
[2025.05.13-18.58.52:707][  0]LogMeshMerging: No distributed automatic mesh merging module available
[2025.05.13-18.58.52:725][  0]LogNetVersion: TopuDownuShuteru 1.0.0, NetCL: 17155196, EngineNetVer: 17, GameNetVer: 0 (Checksum: 1511393077)
[2025.05.13-18.58.53:271][  0]LogTexture: Default maximum texture size for cubemaps generated from long-lat sources has been changed from 512 to unlimited. In order to preserve old behaiour for '/Engine/MapTemplates/Sky/DaylightAmbientCubemap.DaylightAmbientCubemap', its maximum texture size has been explicitly set to 512.
[2025.05.13-18.58.53:372][  0]LogHMD: PokeAHoleMaterial loaded successfully
[2025.05.13-18.58.53:379][  0]LogUObjectArray: 17178 objects as part of root set at end of initial load.
[2025.05.13-18.58.53:379][  0]LogUObjectAllocator: 4302048 out of 0 bytes used by permanent object pool.
[2025.05.13-18.58.53:379][  0]LogUObjectArray: CloseDisregardForGC: 0/0 objects in disregard for GC pool
[2025.05.13-18.58.53:627][  0]LogPython: Using Python 3.7.7
[2025.05.13-18.58.54:638][  0]LogNiagaraDebuggerClient: Niagara Debugger Client Initialized | Session: 6B0DA7294211151B06A884A46DFF70CD | Instance: 77AE2368496DE1A5BA8EB39D7B977D6E (DESKTOP-QAAO9HT-25880).
[2025.05.13-18.58.55:045][  0]LogTcpMessaging: Initializing TcpMessaging bridge
[2025.05.13-18.58.55:090][  0]LogUdpMessaging: Initializing bridge on interface 0.0.0.0:0 to multicast group 230.0.0.1:6666.
[2025.05.13-18.58.55:531][  0]SourceControl: Source control is disabled
[2025.05.13-18.58.55:531][  0]SourceControl: Source control is disabled
[2025.05.13-18.58.55:555][  0]SourceControl: Source control is disabled
[2025.05.13-18.58.55:565][  0]SourceControl: Source control is disabled
[2025.05.13-18.58.55:596][  0]SourceControl: Source control is disabled
[2025.05.13-18.58.55:619][  0]LogUProjectInfo: Found projects:
[2025.05.13-18.58.55:659][  0]LogVSAccessor: Display: Unable to create Visual Studio setup instance: 80040154
[2025.05.13-18.58.55:679][  0]LogVSAccessor: Display: Unable to create Visual Studio setup instance: 80040154
[2025.05.13-18.58.55:681][  0]LogVSAccessor: Display: Unable to create Visual Studio setup instance: 80040154
[2025.05.13-18.58.56:074][  0]LogOpenImageDenoise: OIDN starting up
[2025.05.13-18.58.56:419][  0]LogAndroidPermission: UAndroidPermissionCallbackProxy::GetInstance
[2025.05.13-18.58.56:503][  0]LogAudioCaptureCore: Display: No Audio Capture implementations found. Audio input will be silent.
[2025.05.13-18.58.56:503][  0]LogAudioCaptureCore: Display: No Audio Capture implementations found. Audio input will be silent.
[2025.05.13-18.58.56:717][  0]LogCollectionManager: Loaded 0 collections in 0.002745 seconds
[2025.05.13-18.58.56:757][  0]LogFileCache: Scanning file cache for directory 'C:/Rzeczy/TopuDownuShuteru/Saved/Collections/' took 0.00s
[2025.05.13-18.58.56:757][  0]LogFileCache: Scanning file cache for directory 'C:/Rzeczy/TopuDownuShuteru/Content/Developers/DELL/Collections/' took 0.00s
[2025.05.13-18.58.56:757][  0]LogFileCache: Scanning file cache for directory 'C:/Rzeczy/TopuDownuShuteru/Content/Collections/' took 0.00s
[2025.05.13-18.58.56:757][  0]LogOcInput: OculusInput pre-init called
[2025.05.13-18.58.57:169][  0]LogEngine: Initializing Engine...
[2025.05.13-18.58.57:291][  0]LogHMD: Failed to enumerate extensions. Please check that you have a valid OpenXR runtime installed.
[2025.05.13-18.58.57:292][  0]LogHMD: Failed to initialize OpenVR with code 110
[2025.05.13-18.58.57:292][  0]LogMagicLeap: Warning: VR disabled because ZI is not enabled.  To enable, in the editor, Edit -> Project Settings -> Plugins -> Magic Leap Plugin -> Enable Zero Iteration
[2025.05.13-18.58.57:293][  0]LogStats: UGameplayTagsManager::InitializeManager -  0.000 s
[2025.05.13-18.58.57:456][  0]LogInit: Initializing FReadOnlyCVARCache
[2025.05.13-18.58.57:467][  0]LogAIModule: Creating AISystem for world Untitled
[2025.05.13-18.58.57:467][  0]LogAudio: Display: Initializing Audio Device Manager...
[2025.05.13-18.58.57:473][  0]LogAudio: Display: Loading Default Audio Settings Objects...
[2025.05.13-18.58.57:473][  0]LogAudio: Display: No default SoundConcurrencyObject specified (or failed to load).
[2025.05.13-18.58.57:474][  0]LogAudio: Display: Audio Device Manager Initialized
[2025.05.13-18.58.57:474][  0]LogAudio: Display: Creating Audio Device:                 Id: 1, Scope: Shared, Realtime: True
[2025.05.13-18.58.57:474][  0]LogAudioMixer: Display: Audio Mixer Platform Settings:
[2025.05.13-18.58.57:474][  0]LogAudioMixer: Display: 	Sample Rate:						  48000
[2025.05.13-18.58.57:474][  0]LogAudioMixer: Display: 	Callback Buffer Frame Size Requested: 1024
[2025.05.13-18.58.57:474][  0]LogAudioMixer: Display: 	Callback Buffer Frame Size To Use:	  1024
[2025.05.13-18.58.57:474][  0]LogAudioMixer: Display: 	Number of buffers to queue:			  2
[2025.05.13-18.58.57:474][  0]LogAudioMixer: Display: 	Max Channels (voices):				  32
[2025.05.13-18.58.57:474][  0]LogAudioMixer: Display: 	Number of Async Source Workers:		  0
[2025.05.13-18.58.57:474][  0]LogAudio: Display: AudioDevice MaxSources: 32
[2025.05.13-18.58.57:474][  0]LogAudio: Display: Audio Spatialization Plugin: None (built-in).
[2025.05.13-18.58.57:474][  0]LogAudio: Display: Audio Reverb Plugin: None (built-in).
[2025.05.13-18.58.57:474][  0]LogAudio: Display: Audio Occlusion Plugin: None (built-in).
[2025.05.13-18.58.57:474][  0]LogAudioMixer: Display: Initializing audio mixer.
[2025.05.13-18.58.57:485][  0]LogAudioMixer: Display: 0: FrontLeft
[2025.05.13-18.58.57:485][  0]LogAudioMixer: Display: 1: FrontRight
[2025.05.13-18.58.58:067][  0]LogAudioMixer: Display: Using Audio Device Głośniki (Realtek(R) Audio)
[2025.05.13-18.58.58:068][  0]LogAudioMixer: Display: Initializing Sound Submixes...
[2025.05.13-18.58.58:071][  0]LogAudioMixer: Display: Creating Master Submix 'MasterSubmixDefault'
[2025.05.13-18.58.58:071][  0]LogAudioMixer: Display: Creating Master Submix 'MasterReverbSubmixDefault'
[2025.05.13-18.58.58:072][  0]LogAudioMixer: Display: Creating Master Submix 'MasterEQSubmixDefault'
[2025.05.13-18.58.58:072][  0]LogAudioMixer: FMixerPlatformXAudio2::StartAudioStream() called
[2025.05.13-18.58.58:072][  0]LogAudioMixer: Display: Output buffers initialized: Frames=1024, Channels=2, Samples=2048
[2025.05.13-18.58.58:074][  0]LogAudioMixer: Display: Starting AudioMixerPlatformInterface::RunInternal()
[2025.05.13-18.58.58:074][  0]LogAudioMixer: Display: FMixerPlatformXAudio2::SubmitBuffer() called for the first time
[2025.05.13-18.58.58:074][  0]LogInit: FAudioDevice initialized.
[2025.05.13-18.58.58:074][  0]LogAudio: Display: Audio Device (ID: 1) registered with world 'Untitled'.
[2025.05.13-18.58.58:074][  0]LogNetVersion: Set ProjectVersion to 1.0.0.0. Version Checksum will be recalculated on next use.
[2025.05.13-18.58.58:138][  0]LogDerivedDataCache: Saved boot cache 0.06s 94MB C:/Users/DELL/AppData/Local/UnrealEngine/4.27/DerivedDataCache/Boot.ddc.
[2025.05.13-18.58.58:138][  0]LogInit: Texture streaming: Enabled
[2025.05.13-18.58.58:150][  0]LogAnalytics: Display: [UEEditor.Rocket.Release] APIServer = https://datarouter.ol.epicgames.com/. AppVersion = 4.27.2-18319896+++UE4+Release-4.27
[2025.05.13-18.58.58:154][  0]LogEngineSessionManager: EngineSessionManager initialized
[2025.05.13-18.58.58:154][  0]LogEditorSessionSummary: Verbose: Initializing EditorSessionSummaryWriter for editor session tracking
[2025.05.13-18.58.58:155][  0]LogEditorSessionSummary: EditorSessionSummaryWriter initialized
[2025.05.13-18.58.58:171][  0]LogInit: Transaction tracking system initialized
[2025.05.13-18.58.58:191][  0]BlueprintLog: New page: Editor Load
[2025.05.13-18.58.58:265][  0]LocalizationService: Localization service is disabled
[2025.05.13-18.58.58:288][  0]TimingProfiler: Initialize
[2025.05.13-18.58.58:288][  0]TimingProfiler: OnSessionChanged
[2025.05.13-18.58.58:288][  0]LoadingProfiler: Initialize
[2025.05.13-18.58.58:288][  0]LoadingProfiler: OnSessionChanged
[2025.05.13-18.58.58:288][  0]NetworkingProfiler: Initialize
[2025.05.13-18.58.58:288][  0]NetworkingProfiler: OnSessionChanged
[2025.05.13-18.58.58:288][  0]MemoryProfiler: Initialize
[2025.05.13-18.58.58:288][  0]MemoryProfiler: OnSessionChanged
[2025.05.13-18.58.58:365][  0]LogVSAccessor: Display: Unable to create Visual Studio setup instance: 80040154
[2025.05.13-18.58.58:366][  0]LogVSAccessor: Display: Unable to create Visual Studio setup instance: 80040154
[2025.05.13-18.58.58:367][  0]LogVSAccessor: Display: Unable to create Visual Studio setup instance: 80040154
[2025.05.13-18.58.58:454][  0]LogCook: Display: CookSettings for Memory: MemoryMaxUsedVirtual 0MiB, MemoryMaxUsedPhysical 16384MiB, MemoryMinFreeVirtual 0MiB, MemoryMinFreePhysical 1024MiB
[2025.05.13-18.58.58:454][  0]LogCook: Display: Mobile HDR setting 1
[2025.05.13-18.58.58:669][  0]LogFileCache: Scanning file cache for directory 'C:/Rzeczy/TopuDownuShuteru/Content/' took 0.00s
[2025.05.13-18.58.58:921][  0]LogInit: Display: Engine is initialized. Leaving FEngineLoop::Init()
[2025.05.13-18.58.58:927][  0]SourceControl: Source control is disabled
[2025.05.13-18.58.58:927][  0]LogUnrealEdMisc: Loading editor; pre map load, took 9.233
[2025.05.13-18.58.58:927][  0]Cmd: MAP LOAD FILE="../../../Engine/Content/Maps/Templates/Template_Default.umap" TEMPLATE=1 SHOWPROGRESS=1 FEATURELEVEL=3
[2025.05.13-18.58.58:928][  0]LightingResults: New page: Lighting Build
[2025.05.13-18.58.58:930][  0]LogWorld: UWorld::CleanupWorld for Untitled, bSessionEnded=true, bCleanupResources=true
[2025.05.13-18.58.58:930][  0]LogSlate: InvalidateAllWidgets triggered.  All widgets were invalidated
[2025.05.13-18.58.58:930][  0]MapCheck: New page: Map Check
[2025.05.13-18.58.58:930][  0]LightingResults: New page: Lighting Build
[2025.05.13-18.58.58:937][  0]LogAudio: Display: Audio Device unregistered from world 'None'.
[2025.05.13-18.58.58:941][  0]LogUObjectHash: Compacting FUObjectHashTables data took   1.01ms
[2025.05.13-18.58.59:013][  0]LogTexture: Display: Building textures: DeprecatedTextureEB9CBE3C423008B5E8E130901E171C89 (BGRA8, 128X128)
[2025.05.13-18.58.59:023][  0]LogAudio: Display: Audio Device (ID: 1) registered with world 'Untitled_1'.
[2025.05.13-18.58.59:024][  0]LogAIModule: Creating AISystem for world Untitled_1
[2025.05.13-18.58.59:028][  0]LogEditorServer: Finished looking for orphan Actors (0.000 secs)
[2025.05.13-18.58.59:040][  0]LogUObjectHash: Compacting FUObjectHashTables data took   1.02ms
[2025.05.13-18.58.59:040][  0]Cmd: MAP CHECKDEP NOCLEARLOG
[2025.05.13-18.58.59:041][  0]MapCheck: Map check complete: 0 Error(s), 0 Warning(s), took 0,183ms to complete.
[2025.05.13-18.58.59:041][  0]LogFileHelpers: Loading map 'Template_Default' took 0.113
[2025.05.13-18.58.59:043][  0]LogUnrealEdMisc: Total Editor Startup Time, took 9.349
[2025.05.13-18.58.59:661][  0]LogSlate: Only BGRA pngs, bmps or icos are supported in by External Image Picker
[2025.05.13-18.58.59:804][  0]LogSlate: Updating window title bar state: overlay mode, drag disabled, window buttons hidden, title bar hidden
[2025.05.13-18.58.59:810][  0]LogSlate: Updating window title bar state: overlay mode, drag disabled, window buttons hidden, title bar hidden
[2025.05.13-18.58.59:813][  0]LogSlate: Updating window title bar state: overlay mode, drag disabled, window buttons hidden, title bar hidden
[2025.05.13-18.58.59:818][  0]LogSlate: Updating window title bar state: overlay mode, drag disabled, window buttons hidden, title bar hidden
[2025.05.13-18.58.59:859][  0]LogNativeClassHierarchy: Verbose: Native class hierarchy populated in 0.0089 seconds. Added 3822 classes and 928 folders.
[2025.05.13-18.58.59:866][  0]LogNativeClassHierarchy: Verbose: Native class hierarchy updated for 'WidgetCarousel' in 0.0002 seconds. Added 0 classes and 0 folders.
[2025.05.13-18.58.59:867][  0]LogPakFile: PakFile PrimaryIndexSize=187
[2025.05.13-18.58.59:867][  0]LogPakFile: PakFile PathHashIndexSize=101
[2025.05.13-18.58.59:867][  0]LogPakFile: PakFile FullDirectoryIndexSize=148
[2025.05.13-18.58.59:867][  0]LogShaderLibrary: Display: ShaderCodeLibraryPakFileMountedCallback: PakFile 'C:/Program Files/Epic Games/UE_4.27/FeaturePacks/FP_FirstPerson.upack' (chunk index -1, root 'root:/') mounted
[2025.05.13-18.58.59:867][  0]LogShaderLibrary: Display: ShaderCodeLibraryPakFileMountedCallback: pending pak file info (ChunkID:-1 Root:root:/ File:C:/Program Files/Epic Games/UE_4.27/FeaturePacks/FP_FirstPerson.upack)
[2025.05.13-18.58.59:867][  0]LogPakFile: OnPakFileMounted2Time == 0.000044
[2025.05.13-18.58.59:868][  0]LogPakFile: PakFile PrimaryIndexSize=189
[2025.05.13-18.58.59:868][  0]LogPakFile: PakFile PathHashIndexSize=101
[2025.05.13-18.58.59:868][  0]LogPakFile: PakFile FullDirectoryIndexSize=152
[2025.05.13-18.58.59:868][  0]LogShaderLibrary: Display: ShaderCodeLibraryPakFileMountedCallback: PakFile 'C:/Program Files/Epic Games/UE_4.27/FeaturePacks/FP_FirstPersonBP.upack' (chunk index -1, root 'root:/') mounted
[2025.05.13-18.58.59:868][  0]LogShaderLibrary: Display: ShaderCodeLibraryPakFileMountedCallback: pending pak file info (ChunkID:-1 Root:root:/ File:C:/Program Files/Epic Games/UE_4.27/FeaturePacks/FP_FirstPersonBP.upack)
[2025.05.13-18.58.59:868][  0]LogPakFile: OnPakFileMounted2Time == 0.000038
[2025.05.13-18.58.59:868][  0]LogPakFile: PakFile PrimaryIndexSize=191
[2025.05.13-18.58.59:868][  0]LogPakFile: PakFile PathHashIndexSize=101
[2025.05.13-18.58.59:868][  0]LogPakFile: PakFile FullDirectoryIndexSize=160
[2025.05.13-18.58.59:868][  0]LogShaderLibrary: Display: ShaderCodeLibraryPakFileMountedCallback: PakFile 'C:/Program Files/Epic Games/UE_4.27/FeaturePacks/MobileStarterContent.upack' (chunk index -1, root 'root:/') mounted
[2025.05.13-18.58.59:868][  0]LogShaderLibrary: Display: ShaderCodeLibraryPakFileMountedCallback: pending pak file info (ChunkID:-1 Root:root:/ File:C:/Program Files/Epic Games/UE_4.27/FeaturePacks/MobileStarterContent.upack)
[2025.05.13-18.58.59:868][  0]LogPakFile: OnPakFileMounted2Time == 0.000035
[2025.05.13-18.58.59:869][  0]LogPakFile: PakFile PrimaryIndexSize=185
[2025.05.13-18.58.59:869][  0]LogPakFile: PakFile PathHashIndexSize=101
[2025.05.13-18.58.59:869][  0]LogPakFile: PakFile FullDirectoryIndexSize=148
[2025.05.13-18.58.59:869][  0]LogShaderLibrary: Display: ShaderCodeLibraryPakFileMountedCallback: PakFile 'C:/Program Files/Epic Games/UE_4.27/FeaturePacks/StarterContent.upack' (chunk index -1, root 'root:/') mounted
[2025.05.13-18.58.59:869][  0]LogShaderLibrary: Display: ShaderCodeLibraryPakFileMountedCallback: pending pak file info (ChunkID:-1 Root:root:/ File:C:/Program Files/Epic Games/UE_4.27/FeaturePacks/StarterContent.upack)
[2025.05.13-18.58.59:869][  0]LogPakFile: OnPakFileMounted2Time == 0.000031
[2025.05.13-18.58.59:869][  0]LogPakFile: PakFile PrimaryIndexSize=190
[2025.05.13-18.58.59:869][  0]LogPakFile: PakFile PathHashIndexSize=101
[2025.05.13-18.58.59:869][  0]LogPakFile: PakFile FullDirectoryIndexSize=154
[2025.05.13-18.58.59:869][  0]LogShaderLibrary: Display: ShaderCodeLibraryPakFileMountedCallback: PakFile 'C:/Program Files/Epic Games/UE_4.27/FeaturePacks/TP_2DSideScroller.upack' (chunk index -1, root 'root:/') mounted
[2025.05.13-18.58.59:869][  0]LogShaderLibrary: Display: ShaderCodeLibraryPakFileMountedCallback: pending pak file info (ChunkID:-1 Root:root:/ File:C:/Program Files/Epic Games/UE_4.27/FeaturePacks/TP_2DSideScroller.upack)
[2025.05.13-18.58.59:869][  0]LogPakFile: OnPakFileMounted2Time == 0.000024
[2025.05.13-18.58.59:869][  0]LogPakFile: PakFile PrimaryIndexSize=192
[2025.05.13-18.58.59:869][  0]LogPakFile: PakFile PathHashIndexSize=101
[2025.05.13-18.58.59:869][  0]LogPakFile: PakFile FullDirectoryIndexSize=158
[2025.05.13-18.58.59:869][  0]LogShaderLibrary: Display: ShaderCodeLibraryPakFileMountedCallback: PakFile 'C:/Program Files/Epic Games/UE_4.27/FeaturePacks/TP_2DSideScrollerBP.upack' (chunk index -1, root 'root:/') mounted
[2025.05.13-18.58.59:869][  0]LogShaderLibrary: Display: ShaderCodeLibraryPakFileMountedCallback: pending pak file info (ChunkID:-1 Root:root:/ File:C:/Program Files/Epic Games/UE_4.27/FeaturePacks/TP_2DSideScrollerBP.upack)
[2025.05.13-18.58.59:869][  0]LogPakFile: OnPakFileMounted2Time == 0.000028
[2025.05.13-18.58.59:870][  0]LogPakFile: PakFile PrimaryIndexSize=182
[2025.05.13-18.58.59:870][  0]LogPakFile: PakFile PathHashIndexSize=101
[2025.05.13-18.58.59:870][  0]LogPakFile: PakFile FullDirectoryIndexSize=138
[2025.05.13-18.58.59:870][  0]LogShaderLibrary: Display: ShaderCodeLibraryPakFileMountedCallback: PakFile 'C:/Program Files/Epic Games/UE_4.27/FeaturePacks/TP_Flying.upack' (chunk index -1, root 'root:/') mounted
[2025.05.13-18.58.59:870][  0]LogShaderLibrary: Display: ShaderCodeLibraryPakFileMountedCallback: pending pak file info (ChunkID:-1 Root:root:/ File:C:/Program Files/Epic Games/UE_4.27/FeaturePacks/TP_Flying.upack)
[2025.05.13-18.58.59:870][  0]LogPakFile: OnPakFileMounted2Time == 0.000028
[2025.05.13-18.58.59:870][  0]LogPakFile: PakFile PrimaryIndexSize=184
[2025.05.13-18.58.59:870][  0]LogPakFile: PakFile PathHashIndexSize=101
[2025.05.13-18.58.59:870][  0]LogPakFile: PakFile FullDirectoryIndexSize=142
[2025.05.13-18.58.59:870][  0]LogShaderLibrary: Display: ShaderCodeLibraryPakFileMountedCallback: PakFile 'C:/Program Files/Epic Games/UE_4.27/FeaturePacks/TP_FlyingBP.upack' (chunk index -1, root 'root:/') mounted
[2025.05.13-18.58.59:870][  0]LogShaderLibrary: Display: ShaderCodeLibraryPakFileMountedCallback: pending pak file info (ChunkID:-1 Root:root:/ File:C:/Program Files/Epic Games/UE_4.27/FeaturePacks/TP_FlyingBP.upack)
[2025.05.13-18.58.59:870][  0]LogPakFile: OnPakFileMounted2Time == 0.000023
[2025.05.13-18.58.59:870][  0]LogPakFile: PakFile PrimaryIndexSize=188
[2025.05.13-18.58.59:870][  0]LogPakFile: PakFile PathHashIndexSize=101
[2025.05.13-18.58.59:870][  0]LogPakFile: PakFile FullDirectoryIndexSize=150
[2025.05.13-18.58.59:870][  0]LogShaderLibrary: Display: ShaderCodeLibraryPakFileMountedCallback: PakFile 'C:/Program Files/Epic Games/UE_4.27/FeaturePacks/TP_HandheldARBP.upack' (chunk index -1, root 'root:/') mounted
[2025.05.13-18.58.59:870][  0]LogShaderLibrary: Display: ShaderCodeLibraryPakFileMountedCallback: pending pak file info (ChunkID:-1 Root:root:/ File:C:/Program Files/Epic Games/UE_4.27/FeaturePacks/TP_HandheldARBP.upack)
[2025.05.13-18.58.59:870][  0]LogPakFile: OnPakFileMounted2Time == 0.000024
[2025.05.13-18.58.59:870][  0]LogPakFile: PakFile PrimaryIndexSize=182
[2025.05.13-18.58.59:870][  0]LogPakFile: PakFile PathHashIndexSize=101
[2025.05.13-18.58.59:870][  0]LogPakFile: PakFile FullDirectoryIndexSize=138
[2025.05.13-18.58.59:870][  0]LogShaderLibrary: Display: ShaderCodeLibraryPakFileMountedCallback: PakFile 'C:/Program Files/Epic Games/UE_4.27/FeaturePacks/TP_Puzzle.upack' (chunk index -1, root 'root:/') mounted
[2025.05.13-18.58.59:870][  0]LogShaderLibrary: Display: ShaderCodeLibraryPakFileMountedCallback: pending pak file info (ChunkID:-1 Root:root:/ File:C:/Program Files/Epic Games/UE_4.27/FeaturePacks/TP_Puzzle.upack)
[2025.05.13-18.58.59:870][  0]LogPakFile: OnPakFileMounted2Time == 0.000024
[2025.05.13-18.58.59:871][  0]LogPakFile: PakFile PrimaryIndexSize=184
[2025.05.13-18.58.59:871][  0]LogPakFile: PakFile PathHashIndexSize=101
[2025.05.13-18.58.59:871][  0]LogPakFile: PakFile FullDirectoryIndexSize=142
[2025.05.13-18.58.59:871][  0]LogShaderLibrary: Display: ShaderCodeLibraryPakFileMountedCallback: PakFile 'C:/Program Files/Epic Games/UE_4.27/FeaturePacks/TP_PuzzleBP.upack' (chunk index -1, root 'root:/') mounted
[2025.05.13-18.58.59:871][  0]LogShaderLibrary: Display: ShaderCodeLibraryPakFileMountedCallback: pending pak file info (ChunkID:-1 Root:root:/ File:C:/Program Files/Epic Games/UE_4.27/FeaturePacks/TP_PuzzleBP.upack)
[2025.05.13-18.58.59:871][  0]LogPakFile: OnPakFileMounted2Time == 0.000023
[2025.05.13-18.58.59:871][  0]LogPakFile: PakFile PrimaryIndexSize=183
[2025.05.13-18.58.59:871][  0]LogPakFile: PakFile PathHashIndexSize=101
[2025.05.13-18.58.59:871][  0]LogPakFile: PakFile FullDirectoryIndexSize=140
[2025.05.13-18.58.59:871][  0]LogShaderLibrary: Display: ShaderCodeLibraryPakFileMountedCallback: PakFile 'C:/Program Files/Epic Games/UE_4.27/FeaturePacks/TP_Rolling.upack' (chunk index -1, root 'root:/') mounted
[2025.05.13-18.58.59:871][  0]LogShaderLibrary: Display: ShaderCodeLibraryPakFileMountedCallback: pending pak file info (ChunkID:-1 Root:root:/ File:C:/Program Files/Epic Games/UE_4.27/FeaturePacks/TP_Rolling.upack)
[2025.05.13-18.58.59:871][  0]LogPakFile: OnPakFileMounted2Time == 0.000023
[2025.05.13-18.58.59:871][  0]LogPakFile: PakFile PrimaryIndexSize=185
[2025.05.13-18.58.59:871][  0]LogPakFile: PakFile PathHashIndexSize=101
[2025.05.13-18.58.59:871][  0]LogPakFile: PakFile FullDirectoryIndexSize=144
[2025.05.13-18.58.59:871][  0]LogShaderLibrary: Display: ShaderCodeLibraryPakFileMountedCallback: PakFile 'C:/Program Files/Epic Games/UE_4.27/FeaturePacks/TP_RollingBP.upack' (chunk index -1, root 'root:/') mounted
[2025.05.13-18.58.59:871][  0]LogShaderLibrary: Display: ShaderCodeLibraryPakFileMountedCallback: pending pak file info (ChunkID:-1 Root:root:/ File:C:/Program Files/Epic Games/UE_4.27/FeaturePacks/TP_RollingBP.upack)
[2025.05.13-18.58.59:871][  0]LogPakFile: OnPakFileMounted2Time == 0.000023
[2025.05.13-18.58.59:871][  0]LogPakFile: PakFile PrimaryIndexSize=188
[2025.05.13-18.58.59:871][  0]LogPakFile: PakFile PathHashIndexSize=101
[2025.05.13-18.58.59:871][  0]LogPakFile: PakFile FullDirectoryIndexSize=150
[2025.05.13-18.58.59:872][  0]LogShaderLibrary: Display: ShaderCodeLibraryPakFileMountedCallback: PakFile 'C:/Program Files/Epic Games/UE_4.27/FeaturePacks/TP_SideScroller.upack' (chunk index -1, root 'root:/') mounted
[2025.05.13-18.58.59:872][  0]LogShaderLibrary: Display: ShaderCodeLibraryPakFileMountedCallback: pending pak file info (ChunkID:-1 Root:root:/ File:C:/Program Files/Epic Games/UE_4.27/FeaturePacks/TP_SideScroller.upack)
[2025.05.13-18.58.59:872][  0]LogPakFile: OnPakFileMounted2Time == 0.000023
[2025.05.13-18.58.59:872][  0]LogPakFile: PakFile PrimaryIndexSize=190
[2025.05.13-18.58.59:872][  0]LogPakFile: PakFile PathHashIndexSize=101
[2025.05.13-18.58.59:872][  0]LogPakFile: PakFile FullDirectoryIndexSize=154
[2025.05.13-18.58.59:872][  0]LogShaderLibrary: Display: ShaderCodeLibraryPakFileMountedCallback: PakFile 'C:/Program Files/Epic Games/UE_4.27/FeaturePacks/TP_SideScrollerBP.upack' (chunk index -1, root 'root:/') mounted
[2025.05.13-18.58.59:872][  0]LogShaderLibrary: Display: ShaderCodeLibraryPakFileMountedCallback: pending pak file info (ChunkID:-1 Root:root:/ File:C:/Program Files/Epic Games/UE_4.27/FeaturePacks/TP_SideScrollerBP.upack)
[2025.05.13-18.58.59:872][  0]LogPakFile: OnPakFileMounted2Time == 0.000059
[2025.05.13-18.58.59:872][  0]LogPakFile: PakFile PrimaryIndexSize=187
[2025.05.13-18.58.59:872][  0]LogPakFile: PakFile PathHashIndexSize=101
[2025.05.13-18.58.59:872][  0]LogPakFile: PakFile FullDirectoryIndexSize=148
[2025.05.13-18.58.59:872][  0]LogShaderLibrary: Display: ShaderCodeLibraryPakFileMountedCallback: PakFile 'C:/Program Files/Epic Games/UE_4.27/FeaturePacks/TP_ThirdPerson.upack' (chunk index -1, root 'root:/') mounted
[2025.05.13-18.58.59:872][  0]LogShaderLibrary: Display: ShaderCodeLibraryPakFileMountedCallback: pending pak file info (ChunkID:-1 Root:root:/ File:C:/Program Files/Epic Games/UE_4.27/FeaturePacks/TP_ThirdPerson.upack)
[2025.05.13-18.58.59:872][  0]LogPakFile: OnPakFileMounted2Time == 0.000024
[2025.05.13-18.58.59:872][  0]LogPakFile: PakFile PrimaryIndexSize=189
[2025.05.13-18.58.59:872][  0]LogPakFile: PakFile PathHashIndexSize=101
[2025.05.13-18.58.59:872][  0]LogPakFile: PakFile FullDirectoryIndexSize=152
[2025.05.13-18.58.59:872][  0]LogShaderLibrary: Display: ShaderCodeLibraryPakFileMountedCallback: PakFile 'C:/Program Files/Epic Games/UE_4.27/FeaturePacks/TP_ThirdPersonBP.upack' (chunk index -1, root 'root:/') mounted
[2025.05.13-18.58.59:872][  0]LogShaderLibrary: Display: ShaderCodeLibraryPakFileMountedCallback: pending pak file info (ChunkID:-1 Root:root:/ File:C:/Program Files/Epic Games/UE_4.27/FeaturePacks/TP_ThirdPersonBP.upack)
[2025.05.13-18.58.59:872][  0]LogPakFile: OnPakFileMounted2Time == 0.000023
[2025.05.13-18.58.59:873][  0]LogPakFile: PakFile PrimaryIndexSize=183
[2025.05.13-18.58.59:873][  0]LogPakFile: PakFile PathHashIndexSize=101
[2025.05.13-18.58.59:873][  0]LogPakFile: PakFile FullDirectoryIndexSize=140
[2025.05.13-18.58.59:873][  0]LogShaderLibrary: Display: ShaderCodeLibraryPakFileMountedCallback: PakFile 'C:/Program Files/Epic Games/UE_4.27/FeaturePacks/TP_TopDown.upack' (chunk index -1, root 'root:/') mounted
[2025.05.13-18.58.59:873][  0]LogShaderLibrary: Display: ShaderCodeLibraryPakFileMountedCallback: pending pak file info (ChunkID:-1 Root:root:/ File:C:/Program Files/Epic Games/UE_4.27/FeaturePacks/TP_TopDown.upack)
[2025.05.13-18.58.59:873][  0]LogPakFile: OnPakFileMounted2Time == 0.000029
[2025.05.13-18.58.59:873][  0]LogPakFile: PakFile PrimaryIndexSize=185
[2025.05.13-18.58.59:873][  0]LogPakFile: PakFile PathHashIndexSize=101
[2025.05.13-18.58.59:873][  0]LogPakFile: PakFile FullDirectoryIndexSize=144
[2025.05.13-18.58.59:873][  0]LogShaderLibrary: Display: ShaderCodeLibraryPakFileMountedCallback: PakFile 'C:/Program Files/Epic Games/UE_4.27/FeaturePacks/TP_TopDownBP.upack' (chunk index -1, root 'root:/') mounted
[2025.05.13-18.58.59:873][  0]LogShaderLibrary: Display: ShaderCodeLibraryPakFileMountedCallback: pending pak file info (ChunkID:-1 Root:root:/ File:C:/Program Files/Epic Games/UE_4.27/FeaturePacks/TP_TopDownBP.upack)
[2025.05.13-18.58.59:873][  0]LogPakFile: OnPakFileMounted2Time == 0.000027
[2025.05.13-18.58.59:873][  0]LogPakFile: PakFile PrimaryIndexSize=185
[2025.05.13-18.58.59:873][  0]LogPakFile: PakFile PathHashIndexSize=101
[2025.05.13-18.58.59:873][  0]LogPakFile: PakFile FullDirectoryIndexSize=144
[2025.05.13-18.58.59:873][  0]LogShaderLibrary: Display: ShaderCodeLibraryPakFileMountedCallback: PakFile 'C:/Program Files/Epic Games/UE_4.27/FeaturePacks/TP_TwinStick.upack' (chunk index -1, root 'root:/') mounted
[2025.05.13-18.58.59:873][  0]LogShaderLibrary: Display: ShaderCodeLibraryPakFileMountedCallback: pending pak file info (ChunkID:-1 Root:root:/ File:C:/Program Files/Epic Games/UE_4.27/FeaturePacks/TP_TwinStick.upack)
[2025.05.13-18.58.59:873][  0]LogPakFile: OnPakFileMounted2Time == 0.000022
[2025.05.13-18.58.59:874][  0]LogPakFile: PakFile PrimaryIndexSize=187
[2025.05.13-18.58.59:874][  0]LogPakFile: PakFile PathHashIndexSize=101
[2025.05.13-18.58.59:874][  0]LogPakFile: PakFile FullDirectoryIndexSize=148
[2025.05.13-18.58.59:874][  0]LogShaderLibrary: Display: ShaderCodeLibraryPakFileMountedCallback: PakFile 'C:/Program Files/Epic Games/UE_4.27/FeaturePacks/TP_TwinStickBP.upack' (chunk index -1, root 'root:/') mounted
[2025.05.13-18.58.59:874][  0]LogShaderLibrary: Display: ShaderCodeLibraryPakFileMountedCallback: pending pak file info (ChunkID:-1 Root:root:/ File:C:/Program Files/Epic Games/UE_4.27/FeaturePacks/TP_TwinStickBP.upack)
[2025.05.13-18.58.59:874][  0]LogPakFile: OnPakFileMounted2Time == 0.000024
[2025.05.13-18.58.59:874][  0]LogPakFile: PakFile PrimaryIndexSize=183
[2025.05.13-18.58.59:874][  0]LogPakFile: PakFile PathHashIndexSize=101
[2025.05.13-18.58.59:874][  0]LogPakFile: PakFile FullDirectoryIndexSize=140
[2025.05.13-18.58.59:874][  0]LogShaderLibrary: Display: ShaderCodeLibraryPakFileMountedCallback: PakFile 'C:/Program Files/Epic Games/UE_4.27/FeaturePacks/TP_Vehicle.upack' (chunk index -1, root 'root:/') mounted
[2025.05.13-18.58.59:874][  0]LogShaderLibrary: Display: ShaderCodeLibraryPakFileMountedCallback: pending pak file info (ChunkID:-1 Root:root:/ File:C:/Program Files/Epic Games/UE_4.27/FeaturePacks/TP_Vehicle.upack)
[2025.05.13-18.58.59:874][  0]LogPakFile: OnPakFileMounted2Time == 0.000022
[2025.05.13-18.58.59:874][  0]LogPakFile: PakFile PrimaryIndexSize=186
[2025.05.13-18.58.59:874][  0]LogPakFile: PakFile PathHashIndexSize=101
[2025.05.13-18.58.59:874][  0]LogPakFile: PakFile FullDirectoryIndexSize=146
[2025.05.13-18.58.59:874][  0]LogShaderLibrary: Display: ShaderCodeLibraryPakFileMountedCallback: PakFile 'C:/Program Files/Epic Games/UE_4.27/FeaturePacks/TP_VehicleAdv.upack' (chunk index -1, root 'root:/') mounted
[2025.05.13-18.58.59:874][  0]LogShaderLibrary: Display: ShaderCodeLibraryPakFileMountedCallback: pending pak file info (ChunkID:-1 Root:root:/ File:C:/Program Files/Epic Games/UE_4.27/FeaturePacks/TP_VehicleAdv.upack)
[2025.05.13-18.58.59:874][  0]LogPakFile: OnPakFileMounted2Time == 0.000024
[2025.05.13-18.58.59:875][  0]LogPakFile: PakFile PrimaryIndexSize=188
[2025.05.13-18.58.59:875][  0]LogPakFile: PakFile PathHashIndexSize=101
[2025.05.13-18.58.59:875][  0]LogPakFile: PakFile FullDirectoryIndexSize=150
[2025.05.13-18.58.59:875][  0]LogShaderLibrary: Display: ShaderCodeLibraryPakFileMountedCallback: PakFile 'C:/Program Files/Epic Games/UE_4.27/FeaturePacks/TP_VehicleAdvBP.upack' (chunk index -1, root 'root:/') mounted
[2025.05.13-18.58.59:875][  0]LogShaderLibrary: Display: ShaderCodeLibraryPakFileMountedCallback: pending pak file info (ChunkID:-1 Root:root:/ File:C:/Program Files/Epic Games/UE_4.27/FeaturePacks/TP_VehicleAdvBP.upack)
[2025.05.13-18.58.59:875][  0]LogPakFile: OnPakFileMounted2Time == 0.000022
[2025.05.13-18.58.59:875][  0]LogPakFile: PakFile PrimaryIndexSize=185
[2025.05.13-18.58.59:875][  0]LogPakFile: PakFile PathHashIndexSize=101
[2025.05.13-18.58.59:875][  0]LogPakFile: PakFile FullDirectoryIndexSize=144
[2025.05.13-18.58.59:875][  0]LogShaderLibrary: Display: ShaderCodeLibraryPakFileMountedCallback: PakFile 'C:/Program Files/Epic Games/UE_4.27/FeaturePacks/TP_VehicleBP.upack' (chunk index -1, root 'root:/') mounted
[2025.05.13-18.58.59:875][  0]LogShaderLibrary: Display: ShaderCodeLibraryPakFileMountedCallback: pending pak file info (ChunkID:-1 Root:root:/ File:C:/Program Files/Epic Games/UE_4.27/FeaturePacks/TP_VehicleBP.upack)
[2025.05.13-18.58.59:875][  0]LogPakFile: OnPakFileMounted2Time == 0.000022
[2025.05.13-18.58.59:875][  0]LogPakFile: PakFile PrimaryIndexSize=192
[2025.05.13-18.58.59:875][  0]LogPakFile: PakFile PathHashIndexSize=101
[2025.05.13-18.58.59:875][  0]LogPakFile: PakFile FullDirectoryIndexSize=158
[2025.05.13-18.58.59:875][  0]LogShaderLibrary: Display: ShaderCodeLibraryPakFileMountedCallback: PakFile 'C:/Program Files/Epic Games/UE_4.27/FeaturePacks/TP_VirtualRealityBP.upack' (chunk index -1, root 'root:/') mounted
[2025.05.13-18.58.59:875][  0]LogShaderLibrary: Display: ShaderCodeLibraryPakFileMountedCallback: pending pak file info (ChunkID:-1 Root:root:/ File:C:/Program Files/Epic Games/UE_4.27/FeaturePacks/TP_VirtualRealityBP.upack)
[2025.05.13-18.58.59:875][  0]LogPakFile: OnPakFileMounted2Time == 0.000024
[2025.05.13-18.58.59:903][  0]LogNativeClassHierarchy: Verbose: Native class hierarchy updated for 'AddContentDialog' in 0.0002 seconds. Added 0 classes and 0 folders.
[2025.05.13-18.58.59:910][  0]LogNativeClassHierarchy: Verbose: Native class hierarchy updated for 'SceneOutliner' in 0.0002 seconds. Added 2 classes and 0 folders.
[2025.05.13-18.59.00:019][  0]LogSlate: Took 0.000232 seconds to synchronously load lazily loaded font '../../../Engine/Content/Slate/Fonts/Roboto-Regular.ttf' (155K)
[2025.05.13-18.59.00:028][  0]LogSlate: Took 0.008276 seconds to synchronously load lazily loaded font '../../../Engine/Content/Editor/Slate/Fonts/FontAwesome.ttf' (139K)
[2025.05.13-18.59.00:030][  0]LogSlate: Took 0.000175 seconds to synchronously load lazily loaded font '../../../Engine/Content/Slate/Fonts/Roboto-Bold.ttf' (160K)
[2025.05.13-18.59.00:167][  0]LogRenderer: Reallocating scene render targets to support 724x352 Format 10 NumSamples 1 (Frame:1).
[2025.05.13-18.59.00:308][  0]LogNativeClassHierarchy: Verbose: Native class hierarchy updated for 'HierarchicalLODOutliner' in 0.0003 seconds. Added 0 classes and 0 folders.
[2025.05.13-18.59.00:308][  0]LogLoad: (Engine Initialization) Total time: 10.61 seconds
[2025.05.13-18.59.00:308][  0]LogLoad: (Engine Initialization) Total Blueprint compile time: 0.00 seconds
[2025.05.13-18.59.00:376][  0]LogAssetRegistry: Asset discovery search completed in 8.1179 seconds
[2025.05.13-18.59.00:383][  0]LogCollectionManager: Fixed up redirectors for 0 collections in 0.000004 seconds (updated 0 objects)
[2025.05.13-18.59.00:385][  0]LogContentStreaming: Texture pool size now 1000 MB
[2025.05.13-18.59.06:002][307]LogContentBrowser: Deferred new asset file creation: NewWorld
[2025.05.13-18.59.06:010][307]LogContentBrowser: Creating deferred item: NewWorld
[2025.05.13-18.59.06:012][307]LogSlate: Took 0.000184 seconds to synchronously load lazily loaded font '../../../Engine/Content/Slate/Fonts/Roboto-Light.ttf' (167K)
[2025.05.13-18.59.12:155][670]LogContentBrowser: Attempting asset rename: NewWorld -> Level01
[2025.05.13-18.59.12:171][670]LogContentBrowser: End creating deferred item NewWorld
[2025.05.13-18.59.14:480][805]LogUObjectHash: Compacting FUObjectHashTables data took   0.74ms
[2025.05.13-18.59.16:543][805]LogSlate: Window 'Save Content' being destroyed
[2025.05.13-18.59.16:574][805]LogSlate: Took 0.000127 seconds to synchronously load lazily loaded font '../../../Engine/Content/Slate/Fonts/Roboto-Light.ttf' (167K)
[2025.05.13-18.59.16:591][805]Cmd: OBJ SAVEPACKAGE PACKAGE="/Game/Level01" FILE="../../../../../../Rzeczy/TopuDownuShuteru/Content/Level01.umap" SILENT=true AUTOSAVING=false KEEPDIRTY=false
[2025.05.13-18.59.16:600][805]LogUObjectHash: Compacting FUObjectHashTables data took   0.20ms
[2025.05.13-18.59.16:607][805]LogSavePackage: Moving '../../../../../../Rzeczy/TopuDownuShuteru/Saved/Level018B1F8D334412542F8B662A9E12A610F4.tmp' to '../../../../../../Rzeczy/TopuDownuShuteru/Content/Level01.umap'
[2025.05.13-18.59.16:609][805]LogFileHelpers: Saving map 'Level01' took 0.018
[2025.05.13-18.59.16:679][805]LogAssetEditorSubsystem: Opening Asset editor for World /Game/Level01.Level01
[2025.05.13-18.59.16:680][805]Cmd: MAP LOAD FILE="../../../../../../Rzeczy/TopuDownuShuteru/Content/Level01.umap" TEMPLATE=0 SHOWPROGRESS=1 FEATURELEVEL=3
[2025.05.13-18.59.16:680][805]LightingResults: New page: Lighting Build
[2025.05.13-18.59.16:680][805]LoadErrors: New page: Loading map: Level01.umap
[2025.05.13-18.59.16:681][805]LogWorld: UWorld::CleanupWorld for Untitled_1, bSessionEnded=true, bCleanupResources=true
[2025.05.13-18.59.16:681][805]LogSlate: InvalidateAllWidgets triggered.  All widgets were invalidated
[2025.05.13-18.59.16:681][805]MapCheck: New page: Map Check
[2025.05.13-18.59.16:681][805]LightingResults: New page: Lighting Build
[2025.05.13-18.59.16:687][805]LogAudio: Display: Audio Device unregistered from world 'None'.
[2025.05.13-18.59.16:688][805]LogUObjectHash: Compacting FUObjectHashTables data took   0.51ms
[2025.05.13-18.59.16:688][805]LogAudio: Display: Audio Device (ID: 1) registered with world 'Level01'.
[2025.05.13-18.59.16:706][805]LogEditorServer: Finished looking for orphan Actors (0.000 secs)
[2025.05.13-18.59.16:706][805]LogAIModule: Creating AISystem for world Level01
[2025.05.13-18.59.16:713][805]LogUObjectHash: Compacting FUObjectHashTables data took   0.48ms
[2025.05.13-18.59.16:715][805]Cmd: MAP CHECKDEP NOCLEARLOG
[2025.05.13-18.59.16:715][805]MapCheck: Map check complete: 0 Error(s), 0 Warning(s), took 0,076ms to complete.
[2025.05.13-18.59.16:715][805]LogFileHelpers: Loading map 'Level01' took 0.035
[2025.05.13-18.59.16:755][805]AssetCheck: New page: Asset Save: Level01
[2025.05.13-18.59.16:755][805]LogContentValidation: Display: Validating World /Game/Level01.Level01
[2025.05.13-18.59.21:406][ 66]Cmd: OBJ SAVEPACKAGE PACKAGE="/Game/Level01" FILE="../../../../../../Rzeczy/TopuDownuShuteru/Content/Level01.umap" SILENT=true AUTOSAVING=false KEEPDIRTY=false
[2025.05.13-18.59.21:413][ 66]LogUObjectHash: Compacting FUObjectHashTables data took   0.21ms
[2025.05.13-18.59.21:416][ 66]LogSavePackage: Moving '../../../../../../Rzeczy/TopuDownuShuteru/Saved/Level012BBA0A744350BF845938E9A58FC9F499.tmp' to '../../../../../../Rzeczy/TopuDownuShuteru/Content/Level01.umap'
[2025.05.13-18.59.21:433][ 66]AssetCheck: New page: Asset Save: Level01
[2025.05.13-18.59.21:433][ 66]LogContentValidation: Display: Validating World /Game/Level01.Level01
[2025.05.13-18.59.22:020][ 98]Cmd: OBJ SAVEPACKAGE PACKAGE="/Game/Level01" FILE="../../../../../../Rzeczy/TopuDownuShuteru/Content/Level01.umap" SILENT=true AUTOSAVING=false KEEPDIRTY=false
[2025.05.13-18.59.22:027][ 98]LogUObjectHash: Compacting FUObjectHashTables data took   0.24ms
[2025.05.13-18.59.22:030][ 98]LogSavePackage: Moving '../../../../../../Rzeczy/TopuDownuShuteru/Saved/Level01D6B166024CF1320A1066A188E9581DEA.tmp' to '../../../../../../Rzeczy/TopuDownuShuteru/Content/Level01.umap'
[2025.05.13-18.59.22:043][ 98]AssetCheck: New page: Asset Save: Level01
[2025.05.13-18.59.22:043][ 98]LogContentValidation: Display: Validating World /Game/Level01.Level01
[2025.05.13-18.59.23:713][191]LogUObjectHash: Compacting FUObjectHashTables data took   0.21ms
